#
# There is insufficient memory for the Java Runtime Environment to continue.
# Native memory allocation (malloc) failed to allocate 3645008 bytes. Error detail: Chunk::new
# Possible reasons:
#   The system is out of physical RAM or swap space
#   This process is running with CompressedOops enabled, and the Java Heap may be blocking the growth of the native heap
# Possible solutions:
#   Reduce memory load on the system
#   Increase physical memory or swap space
#   Check if swap backing store is full
#   Decrease Java heap size (-Xmx/-Xms)
#   Decrease number of Java threads
#   Decrease Java thread stack sizes (-Xss)
#   Set larger code cache with -XX:ReservedCodeCacheSize=
#   JVM is running with Unscaled Compressed Oops mode in which the Java heap is
#     placed in the first 4GB address space. The Java Heap base address is the
#     maximum limit for the native heap growth. Please use -XX:HeapBaseMinAddress
#     to set the Java Heap base and to place the Java Heap above 4GB virtual address.
# This output file may be truncated or incomplete.
#
#  Out of Memory Error (arena.cpp:162), pid=45356, tid=50432
#
# JRE version: OpenJDK Runtime Environment Zulu24.32+13-CA (24.0.2+12) (build 24.0.2+12)
# Java VM: OpenJDK 64-Bit Server VM Zulu24.32+13-CA (24.0.2+12, mixed mode, sharing, tiered, compressed oops, compressed class ptrs, g1 gc, windows-amd64)
# No core dump will be written. Minidumps are not enabled by default on client versions of Windows
#

---------------  S U M M A R Y ------------

Command Line: -Dfile.encoding=UTF-8 --module-path=C:\Users\Sandhya\Documents\NetBeansProjects\AirlineManagementSystem1\build\classes airlinemanagementsystem1.Login

Host: AMD Ryzen 3 3250U with Radeon Graphics         , 4 cores, 5G,  Windows 11 , 64 bit Build 26100 (10.0.26100.5074)
Time: Sun Oct  5 05:53:24 2025 India Standard Time elapsed time: 9.835408 seconds (0d 0h 0m 9s)

---------------  T H R E A D  ---------------

Current thread (0x000001c361c3b890):  JavaThread "C2 CompilerThread0" daemon [_thread_in_native, id=50432, stack(0x00000043f6300000,0x00000043f6400000) (1024K)]


Current CompileTask:
C2:9835 1579 %     4       java.util.Properties$LineReader::readLine @ 224 (584 bytes)

Stack: [0x00000043f6300000,0x00000043f6400000]
Native frames: (J=compiled Java code, j=interpreted, Vv=VM code, C=native code)
V  [jvm.dll+0x741329]  (no source info available)
V  [jvm.dll+0x97e243]  (no source info available)
V  [jvm.dll+0x98056d]  (no source info available)
V  [jvm.dll+0x980be3]  (no source info available)
V  [jvm.dll+0x2b5a76]  (no source info available)
V  [jvm.dll+0xd00af]  (no source info available)
V  [jvm.dll+0xd030f]  (no source info available)
V  [jvm.dll+0x15b85f]  (no source info available)
V  [jvm.dll+0x746bef]  (no source info available)
V  [jvm.dll+0x27a478]  (no source info available)
V  [jvm.dll+0x279591]  (no source info available)
V  [jvm.dll+0x1f30fa]  (no source info available)
V  [jvm.dll+0x288d95]  (no source info available)
V  [jvm.dll+0x28702a]  (no source info available)
V  [jvm.dll+0x43e016]  (no source info available)
V  [jvm.dll+0x920c78]  (no source info available)
V  [jvm.dll+0x73fab5]  (no source info available)
C  [ucrtbase.dll+0x37b0]  (no source info available)
C  [KERNEL32.DLL+0x2e8d7]  (no source info available)
C  [ntdll.dll+0x8d9c]  (no source info available)

Lock stack of current Java thread (top to bottom):


---------------  P R O C E S S  ---------------

Threads class SMR info:
_java_thread_list=0x000001c341662d30, length=19, elements={
0x000001c361c26c90, 0x000001c361c298d0, 0x000001c361c2d2f0, 0x000001c361c31f60,
0x000001c361c36ec0, 0x000001c361c3e1a0, 0x000001c361c3b890, 0x000001c361c4e5f0,
0x000001c3410aea80, 0x000001c341116dd0, 0x000001c341863640, 0x000001c341863d80,
0x000001c3418644c0, 0x000001c341bda850, 0x000001c343b5e7a0, 0x000001c341c75340,
0x000001c341d62760, 0x000001c341031620, 0x000001c3415c76e0
}

Java Threads: ( => current thread )
  0x000001c361c26c90 JavaThread "Reference Handler"          daemon [_thread_blocked, id=51740, stack(0x00000043f5d00000,0x00000043f5e00000) (1024K)]
  0x000001c361c298d0 JavaThread "Finalizer"                  daemon [_thread_blocked, id=42068, stack(0x00000043f5e00000,0x00000043f5f00000) (1024K)]
  0x000001c361c2d2f0 JavaThread "Signal Dispatcher"          daemon [_thread_blocked, id=54292, stack(0x00000043f5f00000,0x00000043f6000000) (1024K)]
  0x000001c361c31f60 JavaThread "Attach Listener"            daemon [_thread_blocked, id=5212, stack(0x00000043f6000000,0x00000043f6100000) (1024K)]
  0x000001c361c36ec0 JavaThread "Service Thread"             daemon [_thread_blocked, id=48744, stack(0x00000043f6100000,0x00000043f6200000) (1024K)]
  0x000001c361c3e1a0 JavaThread "Monitor Deflation Thread"   daemon [_thread_blocked, id=24084, stack(0x00000043f6200000,0x00000043f6300000) (1024K)]
=>0x000001c361c3b890 JavaThread "C2 CompilerThread0"         daemon [_thread_in_native, id=50432, stack(0x00000043f6300000,0x00000043f6400000) (1024K)]
  0x000001c361c4e5f0 JavaThread "C1 CompilerThread0"         daemon [_thread_in_native, id=50620, stack(0x00000043f6400000,0x00000043f6500000) (1024K)]
  0x000001c3410aea80 JavaThread "Common-Cleaner"             daemon [_thread_blocked, id=41176, stack(0x00000043f6500000,0x00000043f6600000) (1024K)]
  0x000001c341116dd0 JavaThread "Notification Thread"        daemon [_thread_blocked, id=43788, stack(0x00000043f6600000,0x00000043f6700000) (1024K)]
  0x000001c341863640 JavaThread "Java2D Disposer"            daemon [_thread_blocked, id=20980, stack(0x00000043f6700000,0x00000043f6800000) (1024K)]
  0x000001c341863d80 JavaThread "AWT-Shutdown"                      [_thread_blocked, id=39480, stack(0x00000043f6800000,0x00000043f6900000) (1024K)]
  0x000001c3418644c0 JavaThread "AWT-Windows"                daemon [_thread_in_native, id=53940, stack(0x00000043f6900000,0x00000043f6a00000) (1024K)]
  0x000001c341bda850 JavaThread "AWT-EventQueue-0"                  [_thread_in_native, id=51360, stack(0x00000043f7000000,0x00000043f7100000) (1024K)]
  0x000001c343b5e7a0 JavaThread "DestroyJavaVM"                     [_thread_blocked, id=51528, stack(0x00000043f5500000,0x00000043f5600000) (1024K)]
  0x000001c341c75340 JavaThread "D3D Screen Updater"         daemon [_thread_blocked, id=39504, stack(0x00000043f7300000,0x00000043f7400000) (1024K)]
  0x000001c341d62760 JavaThread "TimerQueue"                 daemon [_thread_blocked, id=48184, stack(0x00000043f7400000,0x00000043f7500000) (1024K)]
  0x000001c341031620 JavaThread "mysql-cj-abandoned-connection-cleanup" daemon [_thread_blocked, id=51416, stack(0x00000043f7700000,0x00000043f7800000) (1024K)]
  0x000001c3415c76e0 JavaThread "C2 CompilerThread1"         daemon [_thread_in_native, id=25468, stack(0x00000043f7800000,0x00000043f7900000) (1024K)]
Total: 19

Other Threads:
  0x000001c361c1abd0 VMThread "VM Thread"                           [id=20716, stack(0x00000043f5c00000,0x00000043f5d00000) (1024K)]
  0x000001c361c0ec80 WatcherThread "VM Periodic Task Thread"        [id=53344, stack(0x00000043f5b00000,0x00000043f5c00000) (1024K)]
  0x000001c345f06960 WorkerThread "GC Thread#0"                     [id=52304, stack(0x00000043f5600000,0x00000043f5700000) (1024K)]
  0x000001c345f17390 ConcurrentGCThread "G1 Main Marker"            [id=20888, stack(0x00000043f5700000,0x00000043f5800000) (1024K)]
  0x000001c345f19da0 WorkerThread "G1 Conc#0"                       [id=420, stack(0x00000043f5800000,0x00000043f5900000) (1024K)]
  0x000001c345f5e3d0 ConcurrentGCThread "G1 Refine#0"               [id=13804, stack(0x00000043f5900000,0x00000043f5a00000) (1024K)]
  0x000001c361ad6100 ConcurrentGCThread "G1 Service"                [id=21844, stack(0x00000043f5a00000,0x00000043f5b00000) (1024K)]
Total: 7

Threads with active compile tasks:
C2 CompilerThread0  10168 1579 %     4       java.util.Properties$LineReader::readLine @ 224 (584 bytes)
C1 CompilerThread0  10168 1843       3       sun.nio.fs.WindowsPathParser::parse (504 bytes)
C2 CompilerThread1  10168 1756       4       java.lang.StringLatin1::toUpperCase (219 bytes)
Total: 3

VM state: not at safepoint (normal execution)

VM Mutex/Monitor currently owned by a thread: None

Heap address: 0x00000000a0e00000, size: 1522 MB, Compressed Oops mode: 32-bit

CDS archive(s) mapped at: [0x000001c300000000-0x000001c300d40000-0x000001c300d40000), size 13893632, SharedBaseAddress: 0x000001c300000000, ArchiveRelocationMode: 1.
Compressed class space mapped at: 0x000001c301000000-0x000001c341000000, reserved size: 1073741824
UseCompressedClassPointers 1, UseCompactObjectHeaders 0
Narrow klass pointer bits 32, Max shift 3
Narrow klass base: 0x000001c300000000, Narrow klass shift: 0
Encoding Range: [0x000001c300000000 - 0x000001c400000000), (4294967296 bytes)
Klass Range:    [0x000001c300000000 - 0x000001c341000000), (1090519040 bytes)
Klass ID Range:  [8 - 1090519033) (1090519025)

GC Precious Log:
 CardTable entry size: 512
 Card Set container configuration: InlinePtr #cards 5 size 8 Array Of Cards #cards 10 size 36 Howl #buckets 4 coarsen threshold 1843 Howl Bitmap #cards 512 size 80 coarsen threshold 460 Card regions per heap region 1 cards per card region 2048
 CPUs: 4 total, 4 available
 Memory: 6086M
 Large Page Support: Disabled
 NUMA Support: Disabled
 Compressed Oops: Enabled (32-bit)
 Heap Region Size: 1M
 Heap Min Capacity: 8M
 Heap Initial Capacity: 96M
 Heap Max Capacity: 1522M
 Pre-touch: Disabled
 Parallel Workers: 4
 Concurrent Workers: 1
 Concurrent Refinement Workers: 4
 Periodic GC: Disabled

Heap:
 garbage-first heap   total reserved 1558528K, committed 100352K, used 25712K [0x00000000a0e00000, 0x0000000100000000)
  region size 1024K, 25 young (25600K), 0 survivors (0K)
 Metaspace       used 13493K, committed 13824K, reserved 1114112K
  class space    used 1208K, committed 1344K, reserved 1048576K

Heap Regions: E=young(eden), S=young(survivor), O=old, HS=humongous(starts), HC=humongous(continues), CS=collection set, F=free, TAMS=top-at-mark-start, PB=parsable bottom
|   0|0x00000000a0e00000, 0x00000000a0e00000, 0x00000000a0f00000|  0%| F|  |TAMS 0x00000000a0e00000| PB 0x00000000a0e00000| Untracked |  0
|   1|0x00000000a0f00000, 0x00000000a0f00000, 0x00000000a1000000|  0%| F|  |TAMS 0x00000000a0f00000| PB 0x00000000a0f00000| Untracked |  0
|   2|0x00000000a1000000, 0x00000000a1000000, 0x00000000a1100000|  0%| F|  |TAMS 0x00000000a1000000| PB 0x00000000a1000000| Untracked |  0
|   3|0x00000000a1100000, 0x00000000a1100000, 0x00000000a1200000|  0%| F|  |TAMS 0x00000000a1100000| PB 0x00000000a1100000| Untracked |  0
|   4|0x00000000a1200000, 0x00000000a1200000, 0x00000000a1300000|  0%| F|  |TAMS 0x00000000a1200000| PB 0x00000000a1200000| Untracked |  0
|   5|0x00000000a1300000, 0x00000000a1300000, 0x00000000a1400000|  0%| F|  |TAMS 0x00000000a1300000| PB 0x00000000a1300000| Untracked |  0
|   6|0x00000000a1400000, 0x00000000a1400000, 0x00000000a1500000|  0%| F|  |TAMS 0x00000000a1400000| PB 0x00000000a1400000| Untracked |  0
|   7|0x00000000a1500000, 0x00000000a1500000, 0x00000000a1600000|  0%| F|  |TAMS 0x00000000a1500000| PB 0x00000000a1500000| Untracked |  0
|   8|0x00000000a1600000, 0x00000000a1600000, 0x00000000a1700000|  0%| F|  |TAMS 0x00000000a1600000| PB 0x00000000a1600000| Untracked |  0
|   9|0x00000000a1700000, 0x00000000a1700000, 0x00000000a1800000|  0%| F|  |TAMS 0x00000000a1700000| PB 0x00000000a1700000| Untracked |  0
|  10|0x00000000a1800000, 0x00000000a1800000, 0x00000000a1900000|  0%| F|  |TAMS 0x00000000a1800000| PB 0x00000000a1800000| Untracked |  0
|  11|0x00000000a1900000, 0x00000000a1900000, 0x00000000a1a00000|  0%| F|  |TAMS 0x00000000a1900000| PB 0x00000000a1900000| Untracked |  0
|  12|0x00000000a1a00000, 0x00000000a1a00000, 0x00000000a1b00000|  0%| F|  |TAMS 0x00000000a1a00000| PB 0x00000000a1a00000| Untracked |  0
|  13|0x00000000a1b00000, 0x00000000a1b00000, 0x00000000a1c00000|  0%| F|  |TAMS 0x00000000a1b00000| PB 0x00000000a1b00000| Untracked |  0
|  14|0x00000000a1c00000, 0x00000000a1c00000, 0x00000000a1d00000|  0%| F|  |TAMS 0x00000000a1c00000| PB 0x00000000a1c00000| Untracked |  0
|  15|0x00000000a1d00000, 0x00000000a1d00000, 0x00000000a1e00000|  0%| F|  |TAMS 0x00000000a1d00000| PB 0x00000000a1d00000| Untracked |  0
|  16|0x00000000a1e00000, 0x00000000a1e00000, 0x00000000a1f00000|  0%| F|  |TAMS 0x00000000a1e00000| PB 0x00000000a1e00000| Untracked |  0
|  17|0x00000000a1f00000, 0x00000000a1f00000, 0x00000000a2000000|  0%| F|  |TAMS 0x00000000a1f00000| PB 0x00000000a1f00000| Untracked |  0
|  18|0x00000000a2000000, 0x00000000a2000000, 0x00000000a2100000|  0%| F|  |TAMS 0x00000000a2000000| PB 0x00000000a2000000| Untracked |  0
|  19|0x00000000a2100000, 0x00000000a2100000, 0x00000000a2200000|  0%| F|  |TAMS 0x00000000a2100000| PB 0x00000000a2100000| Untracked |  0
|  20|0x00000000a2200000, 0x00000000a2200000, 0x00000000a2300000|  0%| F|  |TAMS 0x00000000a2200000| PB 0x00000000a2200000| Untracked |  0
|  21|0x00000000a2300000, 0x00000000a2300000, 0x00000000a2400000|  0%| F|  |TAMS 0x00000000a2300000| PB 0x00000000a2300000| Untracked |  0
|  22|0x00000000a2400000, 0x00000000a2400000, 0x00000000a2500000|  0%| F|  |TAMS 0x00000000a2400000| PB 0x00000000a2400000| Untracked |  0
|  23|0x00000000a2500000, 0x00000000a2500000, 0x00000000a2600000|  0%| F|  |TAMS 0x00000000a2500000| PB 0x00000000a2500000| Untracked |  0
|  24|0x00000000a2600000, 0x00000000a2600000, 0x00000000a2700000|  0%| F|  |TAMS 0x00000000a2600000| PB 0x00000000a2600000| Untracked |  0
|  25|0x00000000a2700000, 0x00000000a2700000, 0x00000000a2800000|  0%| F|  |TAMS 0x00000000a2700000| PB 0x00000000a2700000| Untracked |  0
|  26|0x00000000a2800000, 0x00000000a2800000, 0x00000000a2900000|  0%| F|  |TAMS 0x00000000a2800000| PB 0x00000000a2800000| Untracked |  0
|  27|0x00000000a2900000, 0x00000000a2900000, 0x00000000a2a00000|  0%| F|  |TAMS 0x00000000a2900000| PB 0x00000000a2900000| Untracked |  0
|  28|0x00000000a2a00000, 0x00000000a2a00000, 0x00000000a2b00000|  0%| F|  |TAMS 0x00000000a2a00000| PB 0x00000000a2a00000| Untracked |  0
|  29|0x00000000a2b00000, 0x00000000a2b00000, 0x00000000a2c00000|  0%| F|  |TAMS 0x00000000a2b00000| PB 0x00000000a2b00000| Untracked |  0
|  30|0x00000000a2c00000, 0x00000000a2c00000, 0x00000000a2d00000|  0%| F|  |TAMS 0x00000000a2c00000| PB 0x00000000a2c00000| Untracked |  0
|  31|0x00000000a2d00000, 0x00000000a2d00000, 0x00000000a2e00000|  0%| F|  |TAMS 0x00000000a2d00000| PB 0x00000000a2d00000| Untracked |  0
|  32|0x00000000a2e00000, 0x00000000a2e00000, 0x00000000a2f00000|  0%| F|  |TAMS 0x00000000a2e00000| PB 0x00000000a2e00000| Untracked |  0
|  33|0x00000000a2f00000, 0x00000000a2f00000, 0x00000000a3000000|  0%| F|  |TAMS 0x00000000a2f00000| PB 0x00000000a2f00000| Untracked |  0
|  34|0x00000000a3000000, 0x00000000a3000000, 0x00000000a3100000|  0%| F|  |TAMS 0x00000000a3000000| PB 0x00000000a3000000| Untracked |  0
|  35|0x00000000a3100000, 0x00000000a3100000, 0x00000000a3200000|  0%| F|  |TAMS 0x00000000a3100000| PB 0x00000000a3100000| Untracked |  0
|  36|0x00000000a3200000, 0x00000000a3200000, 0x00000000a3300000|  0%| F|  |TAMS 0x00000000a3200000| PB 0x00000000a3200000| Untracked |  0
|  37|0x00000000a3300000, 0x00000000a3300000, 0x00000000a3400000|  0%| F|  |TAMS 0x00000000a3300000| PB 0x00000000a3300000| Untracked |  0
|  38|0x00000000a3400000, 0x00000000a3400000, 0x00000000a3500000|  0%| F|  |TAMS 0x00000000a3400000| PB 0x00000000a3400000| Untracked |  0
|  39|0x00000000a3500000, 0x00000000a3500000, 0x00000000a3600000|  0%| F|  |TAMS 0x00000000a3500000| PB 0x00000000a3500000| Untracked |  0
|  40|0x00000000a3600000, 0x00000000a3600000, 0x00000000a3700000|  0%| F|  |TAMS 0x00000000a3600000| PB 0x00000000a3600000| Untracked |  0
|  41|0x00000000a3700000, 0x00000000a3700000, 0x00000000a3800000|  0%| F|  |TAMS 0x00000000a3700000| PB 0x00000000a3700000| Untracked |  0
|  42|0x00000000a3800000, 0x00000000a3800000, 0x00000000a3900000|  0%| F|  |TAMS 0x00000000a3800000| PB 0x00000000a3800000| Untracked |  0
|  43|0x00000000a3900000, 0x00000000a3900000, 0x00000000a3a00000|  0%| F|  |TAMS 0x00000000a3900000| PB 0x00000000a3900000| Untracked |  0
|  44|0x00000000a3a00000, 0x00000000a3a00000, 0x00000000a3b00000|  0%| F|  |TAMS 0x00000000a3a00000| PB 0x00000000a3a00000| Untracked |  0
|  45|0x00000000a3b00000, 0x00000000a3b00000, 0x00000000a3c00000|  0%| F|  |TAMS 0x00000000a3b00000| PB 0x00000000a3b00000| Untracked |  0
|  46|0x00000000a3c00000, 0x00000000a3c00000, 0x00000000a3d00000|  0%| F|  |TAMS 0x00000000a3c00000| PB 0x00000000a3c00000| Untracked |  0
|  47|0x00000000a3d00000, 0x00000000a3d00000, 0x00000000a3e00000|  0%| F|  |TAMS 0x00000000a3d00000| PB 0x00000000a3d00000| Untracked |  0
|  48|0x00000000a3e00000, 0x00000000a3e00000, 0x00000000a3f00000|  0%| F|  |TAMS 0x00000000a3e00000| PB 0x00000000a3e00000| Untracked |  0
|  49|0x00000000a3f00000, 0x00000000a3f00000, 0x00000000a4000000|  0%| F|  |TAMS 0x00000000a3f00000| PB 0x00000000a3f00000| Untracked |  0
|  50|0x00000000a4000000, 0x00000000a4000000, 0x00000000a4100000|  0%| F|  |TAMS 0x00000000a4000000| PB 0x00000000a4000000| Untracked |  0
|  51|0x00000000a4100000, 0x00000000a4100000, 0x00000000a4200000|  0%| F|  |TAMS 0x00000000a4100000| PB 0x00000000a4100000| Untracked |  0
|  52|0x00000000a4200000, 0x00000000a4200000, 0x00000000a4300000|  0%| F|  |TAMS 0x00000000a4200000| PB 0x00000000a4200000| Untracked |  0
|  53|0x00000000a4300000, 0x00000000a4300000, 0x00000000a4400000|  0%| F|  |TAMS 0x00000000a4300000| PB 0x00000000a4300000| Untracked |  0
|  54|0x00000000a4400000, 0x00000000a4400000, 0x00000000a4500000|  0%| F|  |TAMS 0x00000000a4400000| PB 0x00000000a4400000| Untracked |  0
|  55|0x00000000a4500000, 0x00000000a4500000, 0x00000000a4600000|  0%| F|  |TAMS 0x00000000a4500000| PB 0x00000000a4500000| Untracked |  0
|  56|0x00000000a4600000, 0x00000000a4600000, 0x00000000a4700000|  0%| F|  |TAMS 0x00000000a4600000| PB 0x00000000a4600000| Untracked |  0
|  57|0x00000000a4700000, 0x00000000a4700000, 0x00000000a4800000|  0%| F|  |TAMS 0x00000000a4700000| PB 0x00000000a4700000| Untracked |  0
|  58|0x00000000a4800000, 0x00000000a4800000, 0x00000000a4900000|  0%| F|  |TAMS 0x00000000a4800000| PB 0x00000000a4800000| Untracked |  0
|  59|0x00000000a4900000, 0x00000000a4900000, 0x00000000a4a00000|  0%| F|  |TAMS 0x00000000a4900000| PB 0x00000000a4900000| Untracked |  0
|  60|0x00000000a4a00000, 0x00000000a4a00000, 0x00000000a4b00000|  0%| F|  |TAMS 0x00000000a4a00000| PB 0x00000000a4a00000| Untracked |  0
|  61|0x00000000a4b00000, 0x00000000a4b00000, 0x00000000a4c00000|  0%| F|  |TAMS 0x00000000a4b00000| PB 0x00000000a4b00000| Untracked |  0
|  62|0x00000000a4c00000, 0x00000000a4c00000, 0x00000000a4d00000|  0%| F|  |TAMS 0x00000000a4c00000| PB 0x00000000a4c00000| Untracked |  0
|  63|0x00000000a4d00000, 0x00000000a4d00000, 0x00000000a4e00000|  0%| F|  |TAMS 0x00000000a4d00000| PB 0x00000000a4d00000| Untracked |  0
|  64|0x00000000a4e00000, 0x00000000a4e00000, 0x00000000a4f00000|  0%| F|  |TAMS 0x00000000a4e00000| PB 0x00000000a4e00000| Untracked |  0
|  65|0x00000000a4f00000, 0x00000000a4f00000, 0x00000000a5000000|  0%| F|  |TAMS 0x00000000a4f00000| PB 0x00000000a4f00000| Untracked |  0
|  66|0x00000000a5000000, 0x00000000a5000000, 0x00000000a5100000|  0%| F|  |TAMS 0x00000000a5000000| PB 0x00000000a5000000| Untracked |  0
|  67|0x00000000a5100000, 0x00000000a5100000, 0x00000000a5200000|  0%| F|  |TAMS 0x00000000a5100000| PB 0x00000000a5100000| Untracked |  0
|  68|0x00000000a5200000, 0x00000000a5200000, 0x00000000a5300000|  0%| F|  |TAMS 0x00000000a5200000| PB 0x00000000a5200000| Untracked |  0
|  69|0x00000000a5300000, 0x00000000a5300000, 0x00000000a5400000|  0%| F|  |TAMS 0x00000000a5300000| PB 0x00000000a5300000| Untracked |  0
|  70|0x00000000a5400000, 0x00000000a5400000, 0x00000000a5500000|  0%| F|  |TAMS 0x00000000a5400000| PB 0x00000000a5400000| Untracked |  0
|  71|0x00000000a5500000, 0x00000000a5600000, 0x00000000a5600000|100%| E|  |TAMS 0x00000000a5500000| PB 0x00000000a5500000| Complete |  0
|  72|0x00000000a5600000, 0x00000000a5700000, 0x00000000a5700000|100%| E|CS|TAMS 0x00000000a5600000| PB 0x00000000a5600000| Complete |  0
|  73|0x00000000a5700000, 0x00000000a5800000, 0x00000000a5800000|100%| E|CS|TAMS 0x00000000a5700000| PB 0x00000000a5700000| Complete |  0
|  74|0x00000000a5800000, 0x00000000a5900000, 0x00000000a5900000|100%| E|CS|TAMS 0x00000000a5800000| PB 0x00000000a5800000| Complete |  0
|  75|0x00000000a5900000, 0x00000000a5a00000, 0x00000000a5a00000|100%| E|CS|TAMS 0x00000000a5900000| PB 0x00000000a5900000| Complete |  0
|  76|0x00000000a5a00000, 0x00000000a5b00000, 0x00000000a5b00000|100%| E|CS|TAMS 0x00000000a5a00000| PB 0x00000000a5a00000| Complete |  0
|  77|0x00000000a5b00000, 0x00000000a5c00000, 0x00000000a5c00000|100%| E|CS|TAMS 0x00000000a5b00000| PB 0x00000000a5b00000| Complete |  0
|  78|0x00000000a5c00000, 0x00000000a5d00000, 0x00000000a5d00000|100%| E|CS|TAMS 0x00000000a5c00000| PB 0x00000000a5c00000| Complete |  0
|  79|0x00000000a5d00000, 0x00000000a5e00000, 0x00000000a5e00000|100%| E|CS|TAMS 0x00000000a5d00000| PB 0x00000000a5d00000| Complete |  0
|  80|0x00000000a5e00000, 0x00000000a5f00000, 0x00000000a5f00000|100%| E|CS|TAMS 0x00000000a5e00000| PB 0x00000000a5e00000| Complete |  0
|  81|0x00000000a5f00000, 0x00000000a6000000, 0x00000000a6000000|100%| E|CS|TAMS 0x00000000a5f00000| PB 0x00000000a5f00000| Complete |  0
|  82|0x00000000a6000000, 0x00000000a6100000, 0x00000000a6100000|100%| E|CS|TAMS 0x00000000a6000000| PB 0x00000000a6000000| Complete |  0
|  83|0x00000000a6100000, 0x00000000a6200000, 0x00000000a6200000|100%| E|CS|TAMS 0x00000000a6100000| PB 0x00000000a6100000| Complete |  0
|  84|0x00000000a6200000, 0x00000000a6300000, 0x00000000a6300000|100%| E|CS|TAMS 0x00000000a6200000| PB 0x00000000a6200000| Complete |  0
|  85|0x00000000a6300000, 0x00000000a6400000, 0x00000000a6400000|100%| E|CS|TAMS 0x00000000a6300000| PB 0x00000000a6300000| Complete |  0
|  86|0x00000000a6400000, 0x00000000a6500000, 0x00000000a6500000|100%| E|CS|TAMS 0x00000000a6400000| PB 0x00000000a6400000| Complete |  0
|  87|0x00000000a6500000, 0x00000000a6600000, 0x00000000a6600000|100%| E|CS|TAMS 0x00000000a6500000| PB 0x00000000a6500000| Complete |  0
|  88|0x00000000a6600000, 0x00000000a6700000, 0x00000000a6700000|100%| E|CS|TAMS 0x00000000a6600000| PB 0x00000000a6600000| Complete |  0
|  89|0x00000000a6700000, 0x00000000a6800000, 0x00000000a6800000|100%| E|CS|TAMS 0x00000000a6700000| PB 0x00000000a6700000| Complete |  0
|  90|0x00000000a6800000, 0x00000000a6900000, 0x00000000a6900000|100%| E|CS|TAMS 0x00000000a6800000| PB 0x00000000a6800000| Complete |  0
|  91|0x00000000a6900000, 0x00000000a6a00000, 0x00000000a6a00000|100%| E|CS|TAMS 0x00000000a6900000| PB 0x00000000a6900000| Complete |  0
|  92|0x00000000a6a00000, 0x00000000a6b00000, 0x00000000a6b00000|100%| E|CS|TAMS 0x00000000a6a00000| PB 0x00000000a6a00000| Complete |  0
|  93|0x00000000a6b00000, 0x00000000a6c00000, 0x00000000a6c00000|100%| E|CS|TAMS 0x00000000a6b00000| PB 0x00000000a6b00000| Complete |  0
|  94|0x00000000a6c00000, 0x00000000a6d00000, 0x00000000a6d00000|100%| E|CS|TAMS 0x00000000a6c00000| PB 0x00000000a6c00000| Complete |  0
|  95|0x00000000a6d00000, 0x00000000a6e00000, 0x00000000a6e00000|100%| E|CS|TAMS 0x00000000a6d00000| PB 0x00000000a6d00000| Complete |  0
|1520|0x00000000ffe00000, 0x00000000fff00000, 0x00000000fff00000|100%| O|  |TAMS 0x00000000ffe00000| PB 0x00000000ffe00000| Untracked |  0
|1521|0x00000000fff00000, 0x00000000fff1c318, 0x0000000100000000| 11%| O|  |TAMS 0x00000000fff00000| PB 0x00000000fff00000| Untracked |  0

Card table byte_map: [0x000001c35dca0000,0x000001c35dfa0000] _byte_map_base: 0x000001c35d799000

Marking Bits: (CMBitMap*) 0x000001c345f07c80
 Bits: [0x000001c35dfa0000, 0x000001c35f768000)

Polling page: 0x000001c343cc0000

Metaspace:

Usage:
  Non-class:     12.00 MB used.
      Class:      1.18 MB used.
       Both:     13.18 MB used.

Virtual space:
  Non-class space:       64.00 MB reserved,      12.19 MB ( 19%) committed,  1 nodes.
      Class space:        1.00 GB reserved,       1.31 MB ( <1%) committed,  1 nodes.
             Both:        1.06 GB reserved,      13.50 MB (  1%) committed. 

Chunk freelists:
   Non-Class:  3.00 MB
       Class:  14.65 MB
        Both:  17.65 MB

MaxMetaspaceSize: unlimited
CompressedClassSpaceSize: 1.00 GB
Initial GC threshold: 21.00 MB
Current GC threshold: 21.00 MB
CDS: on
 - commit_granule_bytes: 65536.
 - commit_granule_words: 8192.
 - virtual_space_node_default_size: 8388608.
 - enlarge_chunks_in_place: 1.
UseCompressedClassPointers 1, UseCompactObjectHeaders 0
Narrow klass pointer bits 32, Max shift 3
Narrow klass base: 0x000001c300000000, Narrow klass shift: 0
Encoding Range: [0x000001c300000000 - 0x000001c400000000), (4294967296 bytes)
Klass Range:    [0x000001c300000000 - 0x000001c341000000), (1090519040 bytes)
Klass ID Range:  [8 - 1090519033) (1090519025)


Internal statistics:

num_allocs_failed_limit: 0.
num_arena_births: 172.
num_arena_deaths: 0.
num_vsnodes_births: 2.
num_vsnodes_deaths: 0.
num_space_committed: 216.
num_space_uncommitted: 0.
num_chunks_returned_to_freelist: 0.
num_chunks_taken_from_freelist: 322.
num_chunk_merges: 0.
num_chunk_splits: 195.
num_chunks_enlarged: 108.
num_inconsistent_stats: 0.

CodeHeap 'non-profiled nmethods': size=120064Kb used=511Kb max_used=511Kb free=119552Kb
 bounds [0x000001c356460000, 0x000001c3566d0000, 0x000001c35d9a0000]
CodeHeap 'profiled nmethods': size=120000Kb used=2714Kb max_used=2714Kb free=117285Kb
 bounds [0x000001c34e9a0000, 0x000001c34ec50000, 0x000001c355ed0000]
CodeHeap 'non-nmethods': size=5696Kb used=1577Kb max_used=1580Kb free=4118Kb
 bounds [0x000001c355ed0000, 0x000001c356140000, 0x000001c356460000]
CodeCache: size=245760Kb, used=4802Kb, max_used=4805Kb, free=240955Kb
 total_blobs=2581, nmethods=1840, adapters=644, full_count=0
Compilation: enabled, stopped_count=0, restarted_count=0

Compilation events (20 events):
Event: 9.749 Thread 0x000001c361c4e5f0 nmethod 1577 0x000001c34ebdb008 code [0x000001c34ebdb180, 0x000001c34ebdb7b0]
Event: 9.753 Thread 0x000001c361c4e5f0 1578       1       java.nio.Buffer::capacity (5 bytes)
Event: 9.753 Thread 0x000001c361c4e5f0 nmethod 1578 0x000001c3564d2608 code [0x000001c3564d2700, 0x000001c3564d27c8]
Event: 9.753 Thread 0x000001c361c3b890 1579 %     4       java.util.Properties$LineReader::readLine @ 224 (584 bytes)
Event: 9.754 Thread 0x000001c361c4e5f0 1580 %     3       java.util.Properties::loadConvert @ 8 (540 bytes)
Event: 9.755 Thread 0x000001c3415c76e0 1582       4       jdk.internal.util.ReferencedKeyMap::removeStaleReferences (30 bytes)
Event: 9.756 Thread 0x000001c361c4e5f0 nmethod 1580% 0x000001c34ebdb808 code [0x000001c34ebdba80, 0x000001c34ebdd1c0]
Event: 9.756 Thread 0x000001c3415c76e0 nmethod 1582 0x000001c3564d2f08 code [0x000001c3564d3000, 0x000001c3564d30b8]
Event: 9.767 Thread 0x000001c361c4e5f0 1584       3       java.lang.invoke.MemberName::changeReferenceKind (46 bytes)
Event: 9.767 Thread 0x000001c361c4e5f0 nmethod 1584 0x000001c34ebdd208 code [0x000001c34ebdd320, 0x000001c34ebdd448]
Event: 9.780 Thread 0x000001c361c4e5f0 1585       3       jdk.internal.access.SharedSecrets::javaUtilJarAccess (19 bytes)
Event: 9.780 Thread 0x000001c361c4e5f0 nmethod 1585 0x000001c34ebdd508 code [0x000001c34ebdd680, 0x000001c34ebddbc8]
Event: 9.780 Thread 0x000001c361c4e5f0 1586  s    3       jdk.internal.loader.Resource::cachedInputStream (20 bytes)
Event: 9.781 Thread 0x000001c361c4e5f0 nmethod 1586 0x000001c34ebddc08 code [0x000001c34ebddd40, 0x000001c34ebde0f0]
Event: 9.782 Thread 0x000001c361c4e5f0 1588       1       java.util.jar.Manifest::getEntries (5 bytes)
Event: 9.782 Thread 0x000001c361c4e5f0 nmethod 1588 0x000001c3564d3688 code [0x000001c3564d3780, 0x000001c3564d3848]
Event: 9.782 Thread 0x000001c361c4e5f0 1589       1       java.util.jar.Manifest::getMainAttributes (5 bytes)
Event: 9.782 Thread 0x000001c361c4e5f0 nmethod 1589 0x000001c3564d3988 code [0x000001c3564d3a80, 0x000001c3564d3b48]
Event: 9.782 Thread 0x000001c361c4e5f0 1590       1       java.util.zip.ZipEntry::getCrc (5 bytes)
Event: 9.782 Thread 0x000001c361c4e5f0 nmethod 1590 0x000001c3564d3c88 code [0x000001c3564d3d80, 0x000001c3564d3e48]

GC Heap History (0 events):
No events

Dll operation events (10 events):
Event: 0.018 Loaded shared library C:\Program Files\Apache NetBeans\jdk\bin\java.dll
Event: 0.072 Loaded shared library C:\Program Files\Apache NetBeans\jdk\bin\jsvml.dll
Event: 0.132 Loaded shared library C:\Program Files\Apache NetBeans\jdk\bin\net.dll
Event: 0.137 Loaded shared library C:\Program Files\Apache NetBeans\jdk\bin\nio.dll
Event: 0.182 Loaded shared library C:\Program Files\Apache NetBeans\jdk\bin\zip.dll
Event: 0.203 Loaded shared library C:\Program Files\Apache NetBeans\jdk\bin\jimage.dll
Event: 0.216 Loaded shared library C:\Program Files\Apache NetBeans\jdk\bin\awt.dll
Event: 0.594 Loaded shared library C:\Program Files\Apache NetBeans\jdk\bin\freetype.dll
Event: 0.596 Loaded shared library C:\Program Files\Apache NetBeans\jdk\bin\fontmanager.dll
Event: 9.763 Loaded shared library C:\Program Files\Apache NetBeans\jdk\bin\extnet.dll

Deoptimization events (20 events):
Event: 9.500 Thread 0x000001c341bda850 DEOPT PACKING pc=0x000001c3564a6cf0 sp=0x00000043f70f9d30
Event: 9.500 Thread 0x000001c341bda850 DEOPT UNPACKING pc=0x000001c355fe5302 sp=0x00000043f70f9cb0 mode 2
Event: 9.504 Thread 0x000001c341bda850 Uncommon trap: trap_request=0xffffffde fr.pc=0x000001c3564a6cf0 relative=0x00000000000002b0
Event: 9.504 Thread 0x000001c341bda850 Uncommon trap: reason=class_check action=maybe_recompile pc=0x000001c3564a6cf0 method=java.util.HashMap.getNode(Ljava/lang/Object;)Ljava/util/HashMap$Node; @ 82 c2
Event: 9.504 Thread 0x000001c341bda850 DEOPT PACKING pc=0x000001c3564a6cf0 sp=0x00000043f70f8330
Event: 9.504 Thread 0x000001c341bda850 DEOPT UNPACKING pc=0x000001c355fe5302 sp=0x00000043f70f82b0 mode 2
Event: 9.522 Thread 0x000001c341bda850 DEOPT PACKING pc=0x000001c34e9cb198 sp=0x00000043f70f9970
Event: 9.522 Thread 0x000001c341bda850 DEOPT UNPACKING pc=0x000001c355f25722 sp=0x00000043f70f8df8 mode 0
Event: 9.525 Thread 0x000001c341bda850 Uncommon trap: trap_request=0xffffffde fr.pc=0x000001c3564a6cf0 relative=0x00000000000002b0
Event: 9.525 Thread 0x000001c341bda850 Uncommon trap: reason=class_check action=maybe_recompile pc=0x000001c3564a6cf0 method=java.util.HashMap.getNode(Ljava/lang/Object;)Ljava/util/HashMap$Node; @ 82 c2
Event: 9.525 Thread 0x000001c341bda850 DEOPT PACKING pc=0x000001c3564a6cf0 sp=0x00000043f70fcc00
Event: 9.525 Thread 0x000001c341bda850 DEOPT UNPACKING pc=0x000001c355fe5302 sp=0x00000043f70fcb80 mode 2
Event: 9.617 Thread 0x000001c341bda850 DEOPT PACKING pc=0x000001c34ea97d99 sp=0x00000043f70f9a60
Event: 9.617 Thread 0x000001c341bda850 DEOPT UNPACKING pc=0x000001c355f25722 sp=0x00000043f70f8ed8 mode 0
Event: 9.753 Thread 0x000001c341bda850 DEOPT PACKING pc=0x000001c34eb852e9 sp=0x00000043f70fc3b0
Event: 9.753 Thread 0x000001c341bda850 DEOPT UNPACKING pc=0x000001c355f25722 sp=0x00000043f70fb8a8 mode 0
Event: 9.753 Thread 0x000001c341bda850 Uncommon trap: trap_request=0xffffff4d fr.pc=0x000001c3564cb6ac relative=0x00000000000012cc
Event: 9.753 Thread 0x000001c341bda850 Uncommon trap: reason=unstable_if action=reinterpret pc=0x000001c3564cb6ac method=java.lang.String.<init>([CIILjava/lang/Void;)V @ 5 c2
Event: 9.753 Thread 0x000001c341bda850 DEOPT PACKING pc=0x000001c3564cb6ac sp=0x00000043f70fc3e0
Event: 9.753 Thread 0x000001c341bda850 DEOPT UNPACKING pc=0x000001c355fe5302 sp=0x00000043f70fc2c0 mode 2

Classes loaded (20 events):
Event: 9.769 Loading class java/net/Proxy
Event: 9.769 Loading class java/net/Proxy done
Event: 9.769 Loading class java/net/Proxy$Type
Event: 9.770 Loading class java/net/Proxy$Type done
Event: 9.770 Loading class sun/net/NetProperties
Event: 9.770 Loading class sun/net/NetProperties done
Event: 9.772 Loading class sun/net/spi/DefaultProxySelector$NonProxyInfo
Event: 9.772 Loading class sun/net/spi/DefaultProxySelector$NonProxyInfo done
Event: 9.772 Loading class sun/net/NetHooks
Event: 9.772 Loading class sun/net/NetHooks done
Event: 9.774 Loading class java/net/Socket$SocketInputStream
Event: 9.774 Loading class java/net/Socket$SocketInputStream done
Event: 9.774 Loading class sun/nio/ch/NioSocketImpl$1
Event: 9.774 Loading class sun/nio/ch/NioSocketImpl$1 done
Event: 9.774 Loading class java/io/EOFException
Event: 9.774 Loading class java/io/EOFException done
Event: 9.774 Loading class java/net/Socket$SocketOutputStream
Event: 9.775 Loading class java/net/Socket$SocketOutputStream done
Event: 9.775 Loading class sun/nio/ch/NioSocketImpl$2
Event: 9.775 Loading class sun/nio/ch/NioSocketImpl$2 done

Classes unloaded (0 events):
No events

Classes redefined (0 events):
No events

Internal exceptions (20 events):
Event: 0.476 Thread 0x000001c343b5e7a0 Exception <a 'java/lang/ClassNotFoundException'{0x00000000a66c4730}: com/sun/swing/internal/plaf/metal/resources/spi/metalProvider> (0x00000000a66c4730) 
thrown [s\src\hotspot\share\classfile\systemDictionary.cpp, line 327]
Event: 0.477 Thread 0x000001c343b5e7a0 Exception <a 'java/lang/ClassNotFoundException'{0x00000000a66c8190}: com/sun/swing/internal/plaf/basic/resources/spi/basicProvider> (0x00000000a66c8190) 
thrown [s\src\hotspot\share\classfile\systemDictionary.cpp, line 327]
Event: 0.494 Thread 0x000001c343b5e7a0 Exception <a 'java/lang/NoSuchMethodError'{0x00000000a66f5c48}: 'int java.lang.invoke.Invokers$Holder.invokeExact_MT(java.lang.Object, java.lang.Object)'> (0x00000000a66f5c48) 
thrown [s\src\hotspot\share\interpreter\linkResolver.cpp, line 805]
Event: 0.542 Thread 0x000001c3418644c0 Exception <a 'java/lang/NoSuchMethodError'{0x00000000a69107f8}: 'void java.lang.invoke.DirectMethodHandle$Holder.invokeVirtual(java.lang.Object, java.lang.Object)'> (0x00000000a69107f8) 
thrown [s\src\hotspot\share\interpreter\linkResolver.cpp, line 805]
Event: 0.566 Thread 0x000001c343b5e7a0 Exception <a 'java/lang/NoSuchMethodError'{0x00000000a6565d58}: 'long java.lang.invoke.DirectMethodHandle$Holder.invokeStaticInit(java.lang.Object, long, long, long, long)'> (0x00000000a6565d58) 
thrown [s\src\hotspot\share\interpreter\linkResolver.cpp, line 805]
Event: 0.566 Thread 0x000001c343b5e7a0 Exception <a 'java/lang/NoSuchMethodError'{0x00000000a656e760}: 'java.lang.Object java.lang.invoke.DirectMethodHandle$Holder.invokeInterface(java.lang.Object, java.lang.Object, long, long)'> (0x00000000a656e760) 
thrown [s\src\hotspot\share\interpreter\linkResolver.cpp, line 805]
Event: 0.569 Thread 0x000001c343b5e7a0 Exception <a 'java/lang/NoSuchMethodError'{0x00000000a6407b40}: 'void java.lang.invoke.DirectMethodHandle$Holder.invokeStaticInit(java.lang.Object, java.lang.Object, long, java.lang.Object)'> (0x00000000a6407b40) 
thrown [s\src\hotspot\share\interpreter\linkResolver.cpp, line 805]
Event: 0.570 Thread 0x000001c343b5e7a0 Exception <a 'java/lang/NoSuchMethodError'{0x00000000a6410728}: 'long java.lang.invoke.DirectMethodHandle$Holder.invokeStatic(java.lang.Object, long, long)'> (0x00000000a6410728) 
thrown [s\src\hotspot\share\interpreter\linkResolver.cpp, line 805]
Event: 0.573 Thread 0x000001c343b5e7a0 Exception <a 'java/lang/NoSuchMethodError'{0x00000000a6439378}: 'java.lang.Object java.lang.invoke.DirectMethodHandle$Holder.newInvokeSpecial(java.lang.Object, int, java.lang.Object)'> (0x00000000a6439378) 
thrown [s\src\hotspot\share\interpreter\linkResolver.cpp, line 805]
Event: 0.575 Thread 0x000001c343b5e7a0 Exception <a 'java/lang/NoSuchMethodError'{0x00000000a6454558}: 'void java.lang.invoke.DelegatingMethodHandle$Holder.reinvoke_L(java.lang.Object, java.lang.Object, java.lang.Object, java.lang.Object, long, long, int)'> (0x00000000a6454558) 
thrown [s\src\hotspot\share\interpreter\linkResolver.cpp, line 805]
Event: 0.580 Thread 0x000001c343b5e7a0 Exception <a 'java/lang/NoSuchMethodError'{0x00000000a6474728}: 'java.lang.Object java.lang.invoke.DirectMethodHandle$Holder.invokeStatic(java.lang.Object, java.lang.Object, java.lang.Object, java.lang.Object, java.lang.Object, long)'> (0x00000000a6474728) 
thrown [s\src\hotspot\share\interpreter\linkResolver.cpp, line 805]
Event: 0.584 Thread 0x000001c343b5e7a0 Exception <a 'java/lang/NoSuchMethodError'{0x00000000a6499ee0}: 'void java.lang.invoke.DelegatingMethodHandle$Holder.reinvoke_L(java.lang.Object, java.lang.Object, java.lang.Object, java.lang.Object, long, long, long)'> (0x00000000a6499ee0) 
thrown [s\src\hotspot\share\interpreter\linkResolver.cpp, line 805]
Event: 0.587 Thread 0x000001c343b5e7a0 Exception <a 'java/lang/NoSuchMethodError'{0x00000000a64b3570}: 'void java.lang.invoke.DirectMethodHandle$Holder.invokeStaticInit(java.lang.Object)'> (0x00000000a64b3570) 
thrown [s\src\hotspot\share\interpreter\linkResolver.cpp, line 805]
Event: 0.732 Thread 0x000001c341bda850 Exception <a 'java/lang/NoSuchMethodError'{0x00000000a65a5058}: 'void java.lang.invoke.DelegatingMethodHandle$Holder.reinvoke_L(java.lang.Object, java.lang.Object, java.lang.Object, java.lang.Object, long, long, float)'> (0x00000000a65a5058) 
thrown [s\src\hotspot\share\interpreter\linkResolver.cpp, line 805]
Event: 0.752 Thread 0x000001c341bda850 Exception <a 'java/lang/NoSuchMethodError'{0x00000000a65e6d48}: 'void java.lang.invoke.DelegatingMethodHandle$Holder.reinvoke_L(java.lang.Object, java.lang.Object, java.lang.Object, java.lang.Object, long, long, double)'> (0x00000000a65e6d48) 
thrown [s\src\hotspot\share\interpreter\linkResolver.cpp, line 805]
Event: 0.790 Thread 0x000001c341bda850 Exception <a 'java/lang/NoSuchMethodError'{0x00000000a624a1c0}: 'float java.lang.invoke.DelegatingMethodHandle$Holder.reinvoke_L(java.lang.Object, java.lang.Object, java.lang.Object, java.lang.Object, long, long)'> (0x00000000a624a1c0) 
thrown [s\src\hotspot\share\interpreter\linkResolver.cpp, line 805]
Event: 9.510 Thread 0x000001c341bda850 Exception <a 'java/lang/NoSuchMethodError'{0x00000000a607dcc8}: 'void java.lang.invoke.DirectMethodHandle$Holder.invokeStatic(java.lang.Object, java.lang.Object)'> (0x00000000a607dcc8) 
thrown [s\src\hotspot\share\interpreter\linkResolver.cpp, line 805]
Event: 9.553 Thread 0x000001c341bda850 Exception <a 'java/lang/NoSuchMethodError'{0x00000000a5fb4ac0}: 'java.lang.Object java.lang.invoke.DirectMethodHandle$Holder.invokeInterface(java.lang.Object, java.lang.Object)'> (0x00000000a5fb4ac0) 
thrown [s\src\hotspot\share\interpreter\linkResolver.cpp, line 805]
Event: 9.598 Thread 0x000001c341bda850 Exception <a 'java/lang/NoSuchMethodError'{0x00000000a5c5d0c8}: 'void java.lang.invoke.DirectMethodHandle$Holder.invokeStatic(java.lang.Object, java.lang.Object, java.lang.Object)'> (0x00000000a5c5d0c8) 
thrown [s\src\hotspot\share\interpreter\linkResolver.cpp, line 805]
Event: 9.601 Thread 0x000001c341bda850 Exception <a 'java/lang/NoSuchMethodError'{0x00000000a5c74a98}: 'java.lang.Object java.lang.invoke.DirectMethodHandle$Holder.invokeVirtual(java.lang.Object, java.lang.Object, java.lang.Object)'> (0x00000000a5c74a98) 
thrown [s\src\hotspot\share\interpreter\linkResolver.cpp, line 805]

VM Operations (8 events):
Event: 0.144 Executing VM operation: HandshakeAllThreads (Deoptimize)
Event: 0.144 Executing VM operation: HandshakeAllThreads (Deoptimize) done
Event: 0.518 Executing VM operation: HandshakeAllThreads (Deoptimize)
Event: 0.519 Executing VM operation: HandshakeAllThreads (Deoptimize) done
Event: 9.526 Executing VM operation: HandshakeAllThreads (Deoptimize)
Event: 9.526 Executing VM operation: HandshakeAllThreads (Deoptimize) done
Event: 9.747 Executing VM operation: HandshakeAllThreads (Deoptimize)
Event: 9.748 Executing VM operation: HandshakeAllThreads (Deoptimize) done

Memory protections (0 events):
No events

Nmethod flushes (0 events):
No events

Events (20 events):
Event: 0.068 Thread 0x000001c343b5e7a0 Thread added: 0x000001c361c26c90
Event: 0.069 Thread 0x000001c343b5e7a0 Thread added: 0x000001c361c298d0
Event: 0.069 Thread 0x000001c343b5e7a0 Thread added: 0x000001c361c2d2f0
Event: 0.069 Thread 0x000001c343b5e7a0 Thread added: 0x000001c361c31f60
Event: 0.069 Thread 0x000001c343b5e7a0 Thread added: 0x000001c361c36ec0
Event: 0.070 Thread 0x000001c343b5e7a0 Thread added: 0x000001c361c3e1a0
Event: 0.070 Thread 0x000001c343b5e7a0 Thread added: 0x000001c361c3b890
Event: 0.070 Thread 0x000001c343b5e7a0 Thread added: 0x000001c361c4e5f0
Event: 0.128 Thread 0x000001c343b5e7a0 Thread added: 0x000001c3410aea80
Event: 0.163 Thread 0x000001c343b5e7a0 Thread added: 0x000001c341116dd0
Event: 0.289 Thread 0x000001c343b5e7a0 Thread added: 0x000001c341863640
Event: 0.290 Thread 0x000001c343b5e7a0 Thread added: 0x000001c341863d80
Event: 0.291 Thread 0x000001c343b5e7a0 Thread added: 0x000001c3418644c0
Event: 0.541 Thread 0x000001c3418644c0 Thread added: 0x000001c341bda850
Event: 0.713 Thread 0x000001c343b5e7a0 Thread exited: 0x000001c343b5e7a0
Event: 0.714 Thread 0x000001c343b5e7a0 Thread added: 0x000001c343b5e7a0
Event: 0.735 Thread 0x000001c341bda850 Thread added: 0x000001c341c75340
Event: 0.878 Thread 0x000001c341bda850 Thread added: 0x000001c341d62760
Event: 9.511 Thread 0x000001c341bda850 Thread added: 0x000001c341031620
Event: 9.586 Thread 0x000001c361c4e5f0 Thread added: 0x000001c3415c76e0


Dynamic libraries:
0x00007ff6ab6b0000 - 0x00007ff6ab6be000 	C:\Program Files\Apache NetBeans\jdk\bin\java.exe
0x00007ffbf4180000 - 0x00007ffbf43e9000 	C:\WINDOWS\SYSTEM32\ntdll.dll
0x00007ffbf2d40000 - 0x00007ffbf2e09000 	C:\WINDOWS\System32\KERNEL32.DLL
0x00007ffbf1310000 - 0x00007ffbf1703000 	C:\WINDOWS\System32\KERNELBASE.dll
0x00007ffbf1af0000 - 0x00007ffbf1c3b000 	C:\WINDOWS\System32\ucrtbase.dll
0x00007ffbcf790000 - 0x00007ffbcf7a6000 	C:\Program Files\Apache NetBeans\jdk\bin\jli.dll
0x00007ffbf2590000 - 0x00007ffbf2754000 	C:\WINDOWS\System32\USER32.dll
0x00007ffbf1d00000 - 0x00007ffbf1d27000 	C:\WINDOWS\System32\win32u.dll
0x00007ffbf3eb0000 - 0x00007ffbf3edb000 	C:\WINDOWS\System32\GDI32.dll
0x00007ffbf19c0000 - 0x00007ffbf1aed000 	C:\WINDOWS\System32\gdi32full.dll
0x00007ffbf1910000 - 0x00007ffbf19b3000 	C:\WINDOWS\System32\msvcp_win.dll
0x00007ffbd48b0000 - 0x00007ffbd48ce000 	C:\Program Files\Apache NetBeans\jdk\bin\VCRUNTIME140.dll
0x00007ffbd71e0000 - 0x00007ffbd7473000 	C:\WINDOWS\WinSxS\amd64_microsoft.windows.common-controls_6595b64144ccf1df_6.0.26100.5074_none_3e0d6f78e32fd63f\COMCTL32.dll
0x00007ffbf2e10000 - 0x00007ffbf2eb9000 	C:\WINDOWS\System32\msvcrt.dll
0x00007ffbf2150000 - 0x00007ffbf217f000 	C:\WINDOWS\System32\IMM32.DLL
0x000000006afa0000 - 0x000000006afac000 	C:\Program Files (x86)\360\Total Security\safemon\SafeWrapper.dll
0x00007ffbf24d0000 - 0x00007ffbf2584000 	C:\WINDOWS\System32\ADVAPI32.dll
0x00007ffbf2ee0000 - 0x00007ffbf2f86000 	C:\WINDOWS\System32\sechost.dll
0x00007ffbf3f70000 - 0x00007ffbf4088000 	C:\WINDOWS\System32\RPCRT4.dll
0x00007ffba31b0000 - 0x00007ffba325c000 	C:\Program Files (x86)\360\Total Security\safemon\libzdtp64.dll
0x00007ffbf2fb0000 - 0x00007ffbf36fd000 	C:\WINDOWS\System32\SHELL32.dll
0x00007ffbf1710000 - 0x00007ffbf187c000 	C:\WINDOWS\System32\wintypes.dll
0x00007ffbf2760000 - 0x00007ffbf2adb000 	C:\WINDOWS\System32\combase.dll
0x00007ffbf2cd0000 - 0x00007ffbf2d32000 	C:\WINDOWS\System32\SHLWAPI.dll
0x00007ffbf0e10000 - 0x00007ffbf0e1b000 	C:\WINDOWS\SYSTEM32\VERSION.dll
0x00007ffbe4360000 - 0x00007ffbe436c000 	C:\Program Files\Apache NetBeans\jdk\bin\vcruntime140_1.dll
0x00007ffbb88b0000 - 0x00007ffbb893d000 	C:\Program Files\Apache NetBeans\jdk\bin\msvcp140.dll
0x00007ffb9d670000 - 0x00007ffb9e4ec000 	C:\Program Files\Apache NetBeans\jdk\bin\server\jvm.dll
0x00007ffbf2450000 - 0x00007ffbf24c4000 	C:\WINDOWS\System32\WS2_32.dll
0x00007ffbf1170000 - 0x00007ffbf11ce000 	C:\WINDOWS\SYSTEM32\POWRPROF.dll
0x00007ffbeb8e0000 - 0x00007ffbeb915000 	C:\WINDOWS\SYSTEM32\WINMM.dll
0x00007ffbf1150000 - 0x00007ffbf1164000 	C:\WINDOWS\SYSTEM32\UMPDC.dll
0x00007ffbf0080000 - 0x00007ffbf009b000 	C:\WINDOWS\SYSTEM32\kernel.appcore.dll
0x00007ffbe42e0000 - 0x00007ffbe42ea000 	C:\Program Files\Apache NetBeans\jdk\bin\jimage.dll
0x00007ffbe6f60000 - 0x00007ffbe71a2000 	C:\WINDOWS\SYSTEM32\DBGHELP.DLL
0x00007ffbf2370000 - 0x00007ffbf2447000 	C:\WINDOWS\System32\OLEAUT32.dll
0x00007ffbd61f0000 - 0x00007ffbd622d000 	C:\WINDOWS\SYSTEM32\dbgcore.DLL
0x00007ffbf1eb0000 - 0x00007ffbf1f49000 	C:\WINDOWS\System32\bcryptPrimitives.dll
0x00007ffbd1b70000 - 0x00007ffbd1b8e000 	C:\Program Files\Apache NetBeans\jdk\bin\java.dll
0x00007ffbf3cf0000 - 0x00007ffbf3e88000 	C:\WINDOWS\System32\ole32.dll
0x00007ffbeeef0000 - 0x00007ffbef749000 	C:\WINDOWS\SYSTEM32\windows.storage.dll
0x00007ffbf2050000 - 0x00007ffbf2140000 	C:\WINDOWS\System32\SHCORE.dll
0x00007ffbf1230000 - 0x00007ffbf1259000 	C:\WINDOWS\SYSTEM32\profapi.dll
0x00007ffbb31d0000 - 0x00007ffbb32a7000 	C:\Program Files\Apache NetBeans\jdk\bin\jsvml.dll
0x00007ffbdfea0000 - 0x00007ffbdfeb0000 	C:\Program Files\Apache NetBeans\jdk\bin\net.dll
0x00007ffbf0600000 - 0x00007ffbf066b000 	C:\WINDOWS\system32\mswsock.dll
0x00007ffbce380000 - 0x00007ffbce396000 	C:\Program Files\Apache NetBeans\jdk\bin\nio.dll
0x00007ffbcf6d0000 - 0x00007ffbcf6e7000 	C:\Program Files\Apache NetBeans\jdk\bin\zip.dll
0x00007ffba8630000 - 0x00007ffba87ae000 	C:\Program Files\Apache NetBeans\jdk\bin\awt.dll
0x00007ffbee490000 - 0x00007ffbee52e000 	C:\WINDOWS\SYSTEM32\apphelp.dll
0x00007ffbee870000 - 0x00007ffbee89b000 	C:\WINDOWS\system32\DWMAPI.DLL
0x00007ffbee5c0000 - 0x00007ffbee668000 	C:\WINDOWS\system32\uxtheme.dll
0x00007ffbb2e50000 - 0x00007ffbb2f5c000 	C:\WINDOWS\system32\opengl32.dll
0x00007ffbcd4e0000 - 0x00007ffbcd50d000 	C:\WINDOWS\SYSTEM32\GLU32.dll
0x00007ffbee800000 - 0x00007ffbee844000 	C:\WINDOWS\SYSTEM32\dxcore.dll
0x00007ffbf3700000 - 0x00007ffbf3858000 	C:\WINDOWS\System32\MSCTF.dll
0x00007ffbaaa10000 - 0x00007ffbaabc1000 	C:\WINDOWS\system32\d3d9.dll
0x00007ffbeb920000 - 0x00007ffbebad8000 	C:\WINDOWS\System32\DriverStore\FileRepository\u0376648.inf_amd64_10263edfe9a1aa63\B374868\aticfx64.dll
0x00007ffbc3b10000 - 0x00007ffbc3b44000 	C:\WINDOWS\System32\DriverStore\FileRepository\u0376648.inf_amd64_10263edfe9a1aa63\B374868\atiu9p64.dll
0x00007ffb80ec0000 - 0x00007ffb81c14000 	C:\WINDOWS\System32\DriverStore\FileRepository\u0376648.inf_amd64_10263edfe9a1aa63\B374868\atiumd64.dll
0x0000000069a60000 - 0x000000006a8d3000 	C:\WINDOWS\System32\DriverStore\FileRepository\u0376648.inf_amd64_10263edfe9a1aa63\B374868\atiumd6a.dll
0x00007ffbf3860000 - 0x00007ffbf3ce7000 	C:\WINDOWS\System32\SETUPAPI.dll
0x00007ffbe9680000 - 0x00007ffbe96b0000 	C:\WINDOWS\SYSTEM32\amdihk64.dll
0x00007ffbec2e0000 - 0x00007ffbec340000 	C:\WINDOWS\SYSTEM32\directxdatabasehelper.dll
0x00007ffbb3f50000 - 0x00007ffbb3fd7000 	C:\Program Files\Apache NetBeans\jdk\bin\freetype.dll
0x00007ffbb1dd0000 - 0x00007ffbb1eb9000 	C:\Program Files\Apache NetBeans\jdk\bin\fontmanager.dll
0x00007ffbf2ae0000 - 0x00007ffbf2b91000 	C:\WINDOWS\System32\clbcatq.dll
0x00007ffbecb60000 - 0x00007ffbecd8f000 	C:\WINDOWS\SYSTEM32\WindowsCodecs.dll
0x00007ffbd4760000 - 0x00007ffbd47ba000 	C:\WINDOWS\system32\dataexchange.dll
0x00007ffbe8dc0000 - 0x00007ffbe8ff9000 	C:\WINDOWS\system32\twinapi.appcore.dll
0x00007ffbdb780000 - 0x00007ffbdb8c9000 	C:\WINDOWS\SYSTEM32\textinputframework.dll
0x00007ffbcf890000 - 0x00007ffbcfca9000 	C:\Windows\System32\uiautomationcore.dll
0x00007ffbcab10000 - 0x00007ffbcab88000 	C:\Windows\System32\OLEACC.dll
0x00007ffbee080000 - 0x00007ffbee1a5000 	C:\WINDOWS\SYSTEM32\CoreMessaging.dll
0x00007ffbebd70000 - 0x00007ffbec053000 	C:\WINDOWS\SYSTEM32\CoreUIComponents.dll
0x00007ffbf08c0000 - 0x00007ffbf08cc000 	C:\WINDOWS\SYSTEM32\CRYPTBASE.DLL
0x00007ffbefb50000 - 0x00007ffbefc76000 	C:\WINDOWS\SYSTEM32\DNSAPI.dll
0x00007ffbefab0000 - 0x00007ffbefae4000 	C:\WINDOWS\SYSTEM32\IPHLPAPI.DLL
0x00007ffbf2f90000 - 0x00007ffbf2f9a000 	C:\WINDOWS\System32\NSI.dll
0x00007ffbd8dd0000 - 0x00007ffbd8ddb000 	C:\Windows\System32\rasadhlp.dll
0x00007ffbe6080000 - 0x00007ffbe6106000 	C:\WINDOWS\System32\fwpuclnt.dll
0x00007ffbdf210000 - 0x00007ffbdf219000 	C:\Program Files\Apache NetBeans\jdk\bin\extnet.dll
0x00007ffbf08a0000 - 0x00007ffbf08bb000 	C:\WINDOWS\SYSTEM32\CRYPTSP.dll
0x00007ffbeffe0000 - 0x00007ffbf001b000 	C:\WINDOWS\system32\rsaenh.dll
0x00007ffbf06a0000 - 0x00007ffbf06cb000 	C:\WINDOWS\SYSTEM32\USERENV.dll
0x00007ffbf1200000 - 0x00007ffbf1226000 	C:\WINDOWS\SYSTEM32\bcrypt.dll

JVMTI agents: none

dbghelp: loaded successfully - version: 4.0.5 - missing functions: none
symbol engine: initialized successfully - sym options: 0x614 - pdb path: .;C:\Program Files\Apache NetBeans\jdk\bin;C:\WINDOWS\SYSTEM32;C:\WINDOWS\WinSxS\amd64_microsoft.windows.common-controls_6595b64144ccf1df_6.0.26100.5074_none_3e0d6f78e32fd63f;C:\Program Files (x86)\360\Total Security\safemon;C:\Program Files\Apache NetBeans\jdk\bin\server;C:\WINDOWS\System32\DriverStore\FileRepository\u0376648.inf_amd64_10263edfe9a1aa63\B374868

VM Arguments:
jvm_args: -Dfile.encoding=UTF-8 --module-path=C:\Users\Sandhya\Documents\NetBeansProjects\AirlineManagementSystem1\build\classes 
java_command: airlinemanagementsystem1.Login
java_class_path (initial): C:\Users\Sandhya\Downloads;C:\Users\Sandhya\Documents;C:\Users\Sandhya\Downloads\mysql-connector-java-8.0.28.jar;C:\Users\Sandhya\Documents\Project1\rs2xml.jar;C:\Users\Sandhya\Downloads\jcalendar-tz-1.3.3-4.jar;C:\Users\Sandhya\Documents\NetBeansProjects\AirlineManagementSystem1\build\classes
Launcher Type: SUN_STANDARD

[Global flags]
     intx CICompilerCount                          = 3                                         {product} {ergonomic}
     uint ConcGCThreads                            = 1                                         {product} {ergonomic}
     uint G1ConcRefinementThreads                  = 4                                         {product} {ergonomic}
   size_t G1HeapRegionSize                         = 1048576                                   {product} {ergonomic}
   size_t InitialHeapSize                          = 100663296                                 {product} {ergonomic}
   size_t MarkStackSize                            = 4194304                                   {product} {ergonomic}
   size_t MarkStackSizeMax                         = 536870912                                 {product} {ergonomic}
   size_t MaxHeapSize                              = 1595932672                                {product} {ergonomic}
   size_t MaxNewSize                               = 957349888                                 {product} {ergonomic}
   size_t MinHeapDeltaBytes                        = 1048576                                   {product} {ergonomic}
   size_t MinHeapSize                              = 8388608                                   {product} {ergonomic}
    uintx NonNMethodCodeHeapSize                   = 5832704                                {pd product} {ergonomic}
    uintx NonProfiledCodeHeapSize                  = 122945536                              {pd product} {ergonomic}
    uintx ProfiledCodeHeapSize                     = 122880000                              {pd product} {ergonomic}
    uintx ReservedCodeCacheSize                    = 251658240                              {pd product} {ergonomic}
     bool SegmentedCodeCache                       = true                                      {product} {ergonomic}
   size_t SoftMaxHeapSize                          = 1595932672                             {manageable} {ergonomic}
     bool UseCompressedOops                        = true                           {product lp64_product} {ergonomic}
     bool UseG1GC                                  = true                                      {product} {ergonomic}
     bool UseLargePagesIndividualAllocation        = false                                  {pd product} {ergonomic}

Logging:
Log output configuration:
 #0: stdout all=warning uptime,level,tags foldmultilines=false
 #1: stderr all=off uptime,level,tags foldmultilines=false

Environment Variables:
JAVA_HOME=C:\Program Files\Java\jdk-17.0.1
PATH=C:\Program Files\Common Files\Oracle\Java\javapath;C:\Program Files\Python312\Scripts\;C:\Program Files\Python312\;C:\Program Files\Java\jdk-17.0.1\bin;C:\WINDOWS\system32;C:\WINDOWS;C:\WINDOWS\System32\Wbem;C:\WINDOWS\System32\WindowsPowerShell\v1.0\;C:\WINDOWS\System32\OpenSSH\;C:\MinGW\bin;C:\Program Files\HP\HP One Agent;C:\Program Files\Git\cmd;C:\Program Files\Git\mingw64\bin;C:\Program Files\Git\usr\bin;C:\Program Files\MySQL\MySQL Shell 8.0\bin\;C:\Users\Sandhya\AppData\Local\Microsoft\WindowsApps;C:\Program Files\JetBrains\IntelliJ IDEA Community Edition 2024.1.4\bin;;C:\Users\Sandhya\AppData\Local\Programs\Microsoft VS Code\bin;C:\Program Files\Java\jdk-17.0.1\bin;C:\Program Files\Java\jdk-17.0.1\bin;
USERNAME=Sandhya
OS=Windows_NT
PROCESSOR_IDENTIFIER=AMD64 Family 23 Model 24 Stepping 1, AuthenticAMD
TMP=C:\Users\Sandhya\AppData\Local\Temp
TEMP=C:\Users\Sandhya\AppData\Local\Temp




Periodic native trim disabled

---------------  S Y S T E M  ---------------

OS:
 Windows 11 , 64 bit Build 26100 (10.0.26100.5074)
OS uptime: 22 days 3:21 hours
Hyper-V role detected

CPU: total 4 (initial active 4) (4 cores per cpu, 2 threads per core) family 23 model 24 stepping 1 microcode 0x8108109, cx8, cmov, fxsr, ht, mmx, 3dnowpref, sse, sse2, sse3, ssse3, sse4a, sse4.1, sse4.2, popcnt, lzcnt, tsc, tscinvbit, avx, avx2, aes, clmul, bmi1, bmi2, adx, sha, fma, vzeroupper, clflush, clflushopt, hv, rdtscp, f16c
Processor Information for the first 4 processors :
  Max Mhz: 2600, Current Mhz: 2600, Mhz Limit: 2600

Memory: 4k page, system-wide physical 6086M (736M free)
TotalPageFile size 24518M (AvailPageFile size 5M)
current process WorkingSet (physical memory assigned to process): 118M, peak: 118M
current process commit charge ("private bytes"): 221M, peak: 221M

vm_info: OpenJDK 64-Bit Server VM (24.0.2+12) for windows-amd64 JRE (24.0.2+12) (Zulu24.32+13-CA), built on 2025-07-11T12:45:44Z with MS VC++ 17.1 (VS2022)

END.
