#
# There is insufficient memory for the Java Runtime Environment to continue.
# Native memory allocation (malloc) failed to allocate 4921296 bytes. Error detail: Chunk::new
# Possible reasons:
#   The system is out of physical RAM or swap space
#   This process is running with CompressedOops enabled, and the Java Heap may be blocking the growth of the native heap
# Possible solutions:
#   Reduce memory load on the system
#   Increase physical memory or swap space
#   Check if swap backing store is full
#   Decrease Java heap size (-Xmx/-Xms)
#   Decrease number of Java threads
#   Decrease Java thread stack sizes (-Xss)
#   Set larger code cache with -XX:ReservedCodeCacheSize=
#   JVM is running with Unscaled Compressed Oops mode in which the Java heap is
#     placed in the first 4GB address space. The Java Heap base address is the
#     maximum limit for the native heap growth. Please use -XX:HeapBaseMinAddress
#     to set the Java Heap base and to place the Java Heap above 4GB virtual address.
# This output file may be truncated or incomplete.
#
#  Out of Memory Error (arena.cpp:162), pid=49876, tid=53532
#
# JRE version: OpenJDK Runtime Environment Zulu24.32+13-CA (24.0.2+12) (build 24.0.2+12)
# Java VM: OpenJDK 64-Bit Server VM Zulu24.32+13-CA (24.0.2+12, mixed mode, sharing, tiered, compressed oops, compressed class ptrs, g1 gc, windows-amd64)
# No core dump will be written. Minidumps are not enabled by default on client versions of Windows
#

---------------  S U M M A R Y ------------

Command Line: -Dfile.encoding=UTF-8 --module-path=C:\Users\Sandhya\Documents\NetBeansProjects\AirlineManagementSystem1\build\classes airlinemanagementsystem1.Login

Host: AMD Ryzen 3 3250U with Radeon Graphics         , 4 cores, 5G,  Windows 11 , 64 bit Build 26100 (10.0.26100.5074)
Time: Sun Oct  5 03:27:33 2025 India Standard Time elapsed time: 18.549785 seconds (0d 0h 0m 18s)

---------------  T H R E A D  ---------------

Current thread (0x00000218237d7a80):  JavaThread "C2 CompilerThread0" daemon [_thread_in_native, id=53532, stack(0x0000006cbad00000,0x0000006cbae00000) (1024K)]


Current CompileTask:
C2:18550 2551 % !   4       sun.awt.image.PNGImageDecoder::produceImage @ 960 (1917 bytes)

Stack: [0x0000006cbad00000,0x0000006cbae00000]
Native frames: (J=compiled Java code, j=interpreted, Vv=VM code, C=native code)
V  [jvm.dll+0x741329]  (no source info available)
V  [jvm.dll+0x97e243]  (no source info available)
V  [jvm.dll+0x98056d]  (no source info available)
V  [jvm.dll+0x980be3]  (no source info available)
V  [jvm.dll+0x2b5a76]  (no source info available)
V  [jvm.dll+0xd00af]  (no source info available)
V  [jvm.dll+0xd030f]  (no source info available)
V  [jvm.dll+0x15b85f]  (no source info available)
V  [jvm.dll+0x746bef]  (no source info available)
V  [jvm.dll+0x27a478]  (no source info available)
V  [jvm.dll+0x279591]  (no source info available)
V  [jvm.dll+0x1f30fa]  (no source info available)
V  [jvm.dll+0x288d95]  (no source info available)
V  [jvm.dll+0x28702a]  (no source info available)
V  [jvm.dll+0x43e016]  (no source info available)
V  [jvm.dll+0x920c78]  (no source info available)
V  [jvm.dll+0x73fab5]  (no source info available)
C  [ucrtbase.dll+0x37b0]  (no source info available)
C  [KERNEL32.DLL+0x2e8d7]  (no source info available)
C  [ntdll.dll+0x8d9c]  (no source info available)

Lock stack of current Java thread (top to bottom):


---------------  P R O C E S S  ---------------

Threads class SMR info:
_java_thread_list=0x0000021823ae02c0, length=20, elements={
0x00000218237be4f0, 0x00000218237bfc90, 0x00000218237ccf40, 0x00000218237c5ef0,
0x00000218237d4600, 0x00000218237e11d0, 0x00000218237d7a80, 0x00000218237e7f90,
0x00000218238a3c00, 0x0000021823a01dc0, 0x00000218693edb90, 0x00000218693ee2d0,
0x00000218692c13a0, 0x0000021869692550, 0x000002180581f9d0, 0x00000218696445a0,
0x000002186e89ee60, 0x00000218692da500, 0x000002186f266fa0, 0x000002186f0af810
}

Java Threads: ( => current thread )
  0x00000218237be4f0 JavaThread "Reference Handler"          daemon [_thread_blocked, id=52016, stack(0x0000006cba700000,0x0000006cba800000) (1024K)]
  0x00000218237bfc90 JavaThread "Finalizer"                  daemon [_thread_blocked, id=19080, stack(0x0000006cba800000,0x0000006cba900000) (1024K)]
  0x00000218237ccf40 JavaThread "Signal Dispatcher"          daemon [_thread_blocked, id=55240, stack(0x0000006cba900000,0x0000006cbaa00000) (1024K)]
  0x00000218237c5ef0 JavaThread "Attach Listener"            daemon [_thread_blocked, id=25020, stack(0x0000006cbaa00000,0x0000006cbab00000) (1024K)]
  0x00000218237d4600 JavaThread "Service Thread"             daemon [_thread_blocked, id=52696, stack(0x0000006cbab00000,0x0000006cbac00000) (1024K)]
  0x00000218237e11d0 JavaThread "Monitor Deflation Thread"   daemon [_thread_blocked, id=50856, stack(0x0000006cbac00000,0x0000006cbad00000) (1024K)]
=>0x00000218237d7a80 JavaThread "C2 CompilerThread0"         daemon [_thread_in_native, id=53532, stack(0x0000006cbad00000,0x0000006cbae00000) (1024K)]
  0x00000218237e7f90 JavaThread "C1 CompilerThread0"         daemon [_thread_blocked, id=37280, stack(0x0000006cbae00000,0x0000006cbaf00000) (1024K)]
  0x00000218238a3c00 JavaThread "Common-Cleaner"             daemon [_thread_blocked, id=19036, stack(0x0000006cbaf00000,0x0000006cbb000000) (1024K)]
  0x0000021823a01dc0 JavaThread "Notification Thread"        daemon [_thread_blocked, id=54344, stack(0x0000006cbb000000,0x0000006cbb100000) (1024K)]
  0x00000218693edb90 JavaThread "Java2D Disposer"            daemon [_thread_blocked, id=33420, stack(0x0000006cbb100000,0x0000006cbb200000) (1024K)]
  0x00000218693ee2d0 JavaThread "AWT-Shutdown"                      [_thread_blocked, id=31172, stack(0x0000006cbb200000,0x0000006cbb300000) (1024K)]
  0x00000218692c13a0 JavaThread "AWT-Windows"                daemon [_thread_in_native, id=54816, stack(0x0000006cbb300000,0x0000006cbb400000) (1024K)]
  0x0000021869692550 JavaThread "AWT-EventQueue-0"                  [_thread_blocked, id=54224, stack(0x0000006cbba00000,0x0000006cbbb00000) (1024K)]
  0x000002180581f9d0 JavaThread "DestroyJavaVM"                     [_thread_blocked, id=51952, stack(0x0000006cb9f00000,0x0000006cba000000) (1024K)]
  0x00000218696445a0 JavaThread "D3D Screen Updater"         daemon [_thread_blocked, id=14152, stack(0x0000006cbbd00000,0x0000006cbbe00000) (1024K)]
  0x000002186e89ee60 JavaThread "TimerQueue"                 daemon [_thread_blocked, id=18336, stack(0x0000006cbbe00000,0x0000006cbbf00000) (1024K)]
  0x00000218692da500 JavaThread "mysql-cj-abandoned-connection-cleanup" daemon [_thread_blocked, id=45248, stack(0x0000006cbc100000,0x0000006cbc200000) (1024K)]
  0x000002186f266fa0 JavaThread "Image Fetcher 0"            daemon [_thread_blocked, id=54632, stack(0x0000006cbc600000,0x0000006cbc700000) (1024K)]
  0x000002186f0af810 JavaThread "C2 CompilerThread1"         daemon [_thread_blocked, id=13016, stack(0x0000006cbc200000,0x0000006cbc300000) (1024K)]
Total: 20

Other Threads:
  0x00000218237b0960 VMThread "VM Thread"                           [id=52920, stack(0x0000006cba600000,0x0000006cba700000) (1024K)]
  0x000002182367e150 WatcherThread "VM Periodic Task Thread"        [id=50536, stack(0x0000006cba500000,0x0000006cba600000) (1024K)]
  0x0000021807aa65d0 WorkerThread "GC Thread#0"                     [id=54468, stack(0x0000006cba000000,0x0000006cba100000) (1024K)]
  0x000002186edfeed0 WorkerThread "GC Thread#1"                     [id=51236, stack(0x0000006cbc300000,0x0000006cbc400000) (1024K)]
  0x000002186ea42240 WorkerThread "GC Thread#2"                     [id=54484, stack(0x0000006cbc400000,0x0000006cbc500000) (1024K)]
  0x000002186ea425f0 WorkerThread "GC Thread#3"                     [id=18532, stack(0x0000006cbc500000,0x0000006cbc600000) (1024K)]
  0x0000021807ab6a10 ConcurrentGCThread "G1 Main Marker"            [id=28432, stack(0x0000006cba100000,0x0000006cba200000) (1024K)]
  0x0000021807ab9380 WorkerThread "G1 Conc#0"                       [id=34524, stack(0x0000006cba200000,0x0000006cba300000) (1024K)]
  0x00000218236734e0 ConcurrentGCThread "G1 Refine#0"               [id=51148, stack(0x0000006cba300000,0x0000006cba400000) (1024K)]
  0x0000021807afda30 ConcurrentGCThread "G1 Service"                [id=51360, stack(0x0000006cba400000,0x0000006cba500000) (1024K)]
Total: 10

Threads with active compile tasks:
C2 CompilerThread0  19187 2551 % !   4       sun.awt.image.PNGImageDecoder::produceImage @ 960 (1917 bytes)
Total: 1

VM state: not at safepoint (normal execution)

VM Mutex/Monitor currently owned by a thread: None

Heap address: 0x00000000a0e00000, size: 1522 MB, Compressed Oops mode: 32-bit

CDS archive(s) mapped at: [0x0000021824000000-0x0000021824d40000-0x0000021824d40000), size 13893632, SharedBaseAddress: 0x0000021824000000, ArchiveRelocationMode: 1.
Compressed class space mapped at: 0x0000021825000000-0x0000021865000000, reserved size: 1073741824
UseCompressedClassPointers 1, UseCompactObjectHeaders 0
Narrow klass pointer bits 32, Max shift 3
Narrow klass base: 0x0000021824000000, Narrow klass shift: 0
Encoding Range: [0x0000021824000000 - 0x0000021924000000), (4294967296 bytes)
Klass Range:    [0x0000021824000000 - 0x0000021865000000), (1090519040 bytes)
Klass ID Range:  [8 - 1090519033) (1090519025)

GC Precious Log:
 CardTable entry size: 512
 Card Set container configuration: InlinePtr #cards 5 size 8 Array Of Cards #cards 10 size 36 Howl #buckets 4 coarsen threshold 1843 Howl Bitmap #cards 512 size 80 coarsen threshold 460 Card regions per heap region 1 cards per card region 2048
 CPUs: 4 total, 4 available
 Memory: 6086M
 Large Page Support: Disabled
 NUMA Support: Disabled
 Compressed Oops: Enabled (32-bit)
 Heap Region Size: 1M
 Heap Min Capacity: 8M
 Heap Initial Capacity: 96M
 Heap Max Capacity: 1522M
 Pre-touch: Disabled
 Parallel Workers: 4
 Concurrent Workers: 1
 Concurrent Refinement Workers: 4
 Periodic GC: Disabled

Heap:
 garbage-first heap   total reserved 1558528K, committed 100352K, used 25808K [0x00000000a0e00000, 0x0000000100000000)
  region size 1024K, 17 young (17408K), 4 survivors (4096K)
 Metaspace       used 19181K, committed 19456K, reserved 1114112K
  class space    used 1793K, committed 1920K, reserved 1048576K

Heap Regions: E=young(eden), S=young(survivor), O=old, HS=humongous(starts), HC=humongous(continues), CS=collection set, F=free, TAMS=top-at-mark-start, PB=parsable bottom
|   0|0x00000000a0e00000, 0x00000000a0e18000, 0x00000000a0f00000|  9%| O|  |TAMS 0x00000000a0e00000| PB 0x00000000a0e00000| Untracked |  0
|   1|0x00000000a0f00000, 0x00000000a1000000, 0x00000000a1000000|100%|HS|  |TAMS 0x00000000a0f00000| PB 0x00000000a0f00000| Complete |  0
|   2|0x00000000a1000000, 0x00000000a1100000, 0x00000000a1100000|100%|HC|  |TAMS 0x00000000a1000000| PB 0x00000000a1000000| Complete |  0
|   3|0x00000000a1100000, 0x00000000a1200000, 0x00000000a1200000|100%|HC|  |TAMS 0x00000000a1100000| PB 0x00000000a1100000| Complete |  0
|   4|0x00000000a1200000, 0x00000000a1300000, 0x00000000a1300000|100%|HC|  |TAMS 0x00000000a1200000| PB 0x00000000a1200000| Complete |  0
|   5|0x00000000a1300000, 0x00000000a1400000, 0x00000000a1400000|100%|HC|  |TAMS 0x00000000a1300000| PB 0x00000000a1300000| Complete |  0
|   6|0x00000000a1400000, 0x00000000a1500000, 0x00000000a1500000|100%|HC|  |TAMS 0x00000000a1400000| PB 0x00000000a1400000| Complete |  0
|   7|0x00000000a1500000, 0x00000000a1600000, 0x00000000a1600000|100%|HC|  |TAMS 0x00000000a1500000| PB 0x00000000a1500000| Complete |  0
|   8|0x00000000a1600000, 0x00000000a1700000, 0x00000000a1700000|100%|HS|  |TAMS 0x00000000a1600000| PB 0x00000000a1600000| Complete |  0
|   9|0x00000000a1700000, 0x00000000a1700000, 0x00000000a1800000|  0%| F|  |TAMS 0x00000000a1700000| PB 0x00000000a1700000| Untracked |  0
|  10|0x00000000a1800000, 0x00000000a1800000, 0x00000000a1900000|  0%| F|  |TAMS 0x00000000a1800000| PB 0x00000000a1800000| Untracked |  0
|  11|0x00000000a1900000, 0x00000000a1900000, 0x00000000a1a00000|  0%| F|  |TAMS 0x00000000a1900000| PB 0x00000000a1900000| Untracked |  0
|  12|0x00000000a1a00000, 0x00000000a1a00000, 0x00000000a1b00000|  0%| F|  |TAMS 0x00000000a1a00000| PB 0x00000000a1a00000| Untracked |  0
|  13|0x00000000a1b00000, 0x00000000a1b00000, 0x00000000a1c00000|  0%| F|  |TAMS 0x00000000a1b00000| PB 0x00000000a1b00000| Untracked |  0
|  14|0x00000000a1c00000, 0x00000000a1c00000, 0x00000000a1d00000|  0%| F|  |TAMS 0x00000000a1c00000| PB 0x00000000a1c00000| Untracked |  0
|  15|0x00000000a1d00000, 0x00000000a1d00000, 0x00000000a1e00000|  0%| F|  |TAMS 0x00000000a1d00000| PB 0x00000000a1d00000| Untracked |  0
|  16|0x00000000a1e00000, 0x00000000a1e00000, 0x00000000a1f00000|  0%| F|  |TAMS 0x00000000a1e00000| PB 0x00000000a1e00000| Untracked |  0
|  17|0x00000000a1f00000, 0x00000000a1f00000, 0x00000000a2000000|  0%| F|  |TAMS 0x00000000a1f00000| PB 0x00000000a1f00000| Untracked |  0
|  18|0x00000000a2000000, 0x00000000a2000000, 0x00000000a2100000|  0%| F|  |TAMS 0x00000000a2000000| PB 0x00000000a2000000| Untracked |  0
|  19|0x00000000a2100000, 0x00000000a2100000, 0x00000000a2200000|  0%| F|  |TAMS 0x00000000a2100000| PB 0x00000000a2100000| Untracked |  0
|  20|0x00000000a2200000, 0x00000000a2200000, 0x00000000a2300000|  0%| F|  |TAMS 0x00000000a2200000| PB 0x00000000a2200000| Untracked |  0
|  21|0x00000000a2300000, 0x00000000a2300000, 0x00000000a2400000|  0%| F|  |TAMS 0x00000000a2300000| PB 0x00000000a2300000| Untracked |  0
|  22|0x00000000a2400000, 0x00000000a2400000, 0x00000000a2500000|  0%| F|  |TAMS 0x00000000a2400000| PB 0x00000000a2400000| Untracked |  0
|  23|0x00000000a2500000, 0x00000000a2500000, 0x00000000a2600000|  0%| F|  |TAMS 0x00000000a2500000| PB 0x00000000a2500000| Untracked |  0
|  24|0x00000000a2600000, 0x00000000a2600000, 0x00000000a2700000|  0%| F|  |TAMS 0x00000000a2600000| PB 0x00000000a2600000| Untracked |  0
|  25|0x00000000a2700000, 0x00000000a2700000, 0x00000000a2800000|  0%| F|  |TAMS 0x00000000a2700000| PB 0x00000000a2700000| Untracked |  0
|  26|0x00000000a2800000, 0x00000000a2800000, 0x00000000a2900000|  0%| F|  |TAMS 0x00000000a2800000| PB 0x00000000a2800000| Untracked |  0
|  27|0x00000000a2900000, 0x00000000a2900000, 0x00000000a2a00000|  0%| F|  |TAMS 0x00000000a2900000| PB 0x00000000a2900000| Untracked |  0
|  28|0x00000000a2a00000, 0x00000000a2a00000, 0x00000000a2b00000|  0%| F|  |TAMS 0x00000000a2a00000| PB 0x00000000a2a00000| Untracked |  0
|  29|0x00000000a2b00000, 0x00000000a2b00000, 0x00000000a2c00000|  0%| F|  |TAMS 0x00000000a2b00000| PB 0x00000000a2b00000| Untracked |  0
|  30|0x00000000a2c00000, 0x00000000a2c00000, 0x00000000a2d00000|  0%| F|  |TAMS 0x00000000a2c00000| PB 0x00000000a2c00000| Untracked |  0
|  31|0x00000000a2d00000, 0x00000000a2d00000, 0x00000000a2e00000|  0%| F|  |TAMS 0x00000000a2d00000| PB 0x00000000a2d00000| Untracked |  0
|  32|0x00000000a2e00000, 0x00000000a2e00000, 0x00000000a2f00000|  0%| F|  |TAMS 0x00000000a2e00000| PB 0x00000000a2e00000| Untracked |  0
|  33|0x00000000a2f00000, 0x00000000a2f00000, 0x00000000a3000000|  0%| F|  |TAMS 0x00000000a2f00000| PB 0x00000000a2f00000| Untracked |  0
|  34|0x00000000a3000000, 0x00000000a3000000, 0x00000000a3100000|  0%| F|  |TAMS 0x00000000a3000000| PB 0x00000000a3000000| Untracked |  0
|  35|0x00000000a3100000, 0x00000000a3100000, 0x00000000a3200000|  0%| F|  |TAMS 0x00000000a3100000| PB 0x00000000a3100000| Untracked |  0
|  36|0x00000000a3200000, 0x00000000a3200000, 0x00000000a3300000|  0%| F|  |TAMS 0x00000000a3200000| PB 0x00000000a3200000| Untracked |  0
|  37|0x00000000a3300000, 0x00000000a3300000, 0x00000000a3400000|  0%| F|  |TAMS 0x00000000a3300000| PB 0x00000000a3300000| Untracked |  0
|  38|0x00000000a3400000, 0x00000000a3400000, 0x00000000a3500000|  0%| F|  |TAMS 0x00000000a3400000| PB 0x00000000a3400000| Untracked |  0
|  39|0x00000000a3500000, 0x00000000a3500000, 0x00000000a3600000|  0%| F|  |TAMS 0x00000000a3500000| PB 0x00000000a3500000| Untracked |  0
|  40|0x00000000a3600000, 0x00000000a3600000, 0x00000000a3700000|  0%| F|  |TAMS 0x00000000a3600000| PB 0x00000000a3600000| Untracked |  0
|  41|0x00000000a3700000, 0x00000000a3700000, 0x00000000a3800000|  0%| F|  |TAMS 0x00000000a3700000| PB 0x00000000a3700000| Untracked |  0
|  42|0x00000000a3800000, 0x00000000a3800000, 0x00000000a3900000|  0%| F|  |TAMS 0x00000000a3800000| PB 0x00000000a3800000| Untracked |  0
|  43|0x00000000a3900000, 0x00000000a3900000, 0x00000000a3a00000|  0%| F|  |TAMS 0x00000000a3900000| PB 0x00000000a3900000| Untracked |  0
|  44|0x00000000a3a00000, 0x00000000a3a00000, 0x00000000a3b00000|  0%| F|  |TAMS 0x00000000a3a00000| PB 0x00000000a3a00000| Untracked |  0
|  45|0x00000000a3b00000, 0x00000000a3b00000, 0x00000000a3c00000|  0%| F|  |TAMS 0x00000000a3b00000| PB 0x00000000a3b00000| Untracked |  0
|  46|0x00000000a3c00000, 0x00000000a3c00000, 0x00000000a3d00000|  0%| F|  |TAMS 0x00000000a3c00000| PB 0x00000000a3c00000| Untracked |  0
|  47|0x00000000a3d00000, 0x00000000a3d00000, 0x00000000a3e00000|  0%| F|  |TAMS 0x00000000a3d00000| PB 0x00000000a3d00000| Untracked |  0
|  48|0x00000000a3e00000, 0x00000000a3e00000, 0x00000000a3f00000|  0%| F|  |TAMS 0x00000000a3e00000| PB 0x00000000a3e00000| Untracked |  0
|  49|0x00000000a3f00000, 0x00000000a3f00000, 0x00000000a4000000|  0%| F|  |TAMS 0x00000000a3f00000| PB 0x00000000a3f00000| Untracked |  0
|  50|0x00000000a4000000, 0x00000000a4000000, 0x00000000a4100000|  0%| F|  |TAMS 0x00000000a4000000| PB 0x00000000a4000000| Untracked |  0
|  51|0x00000000a4100000, 0x00000000a4100000, 0x00000000a4200000|  0%| F|  |TAMS 0x00000000a4100000| PB 0x00000000a4100000| Untracked |  0
|  52|0x00000000a4200000, 0x00000000a4200000, 0x00000000a4300000|  0%| F|  |TAMS 0x00000000a4200000| PB 0x00000000a4200000| Untracked |  0
|  53|0x00000000a4300000, 0x00000000a4300000, 0x00000000a4400000|  0%| F|  |TAMS 0x00000000a4300000| PB 0x00000000a4300000| Untracked |  0
|  54|0x00000000a4400000, 0x00000000a4400000, 0x00000000a4500000|  0%| F|  |TAMS 0x00000000a4400000| PB 0x00000000a4400000| Untracked |  0
|  55|0x00000000a4500000, 0x00000000a4500000, 0x00000000a4600000|  0%| F|  |TAMS 0x00000000a4500000| PB 0x00000000a4500000| Untracked |  0
|  56|0x00000000a4600000, 0x00000000a4600000, 0x00000000a4700000|  0%| F|  |TAMS 0x00000000a4600000| PB 0x00000000a4600000| Untracked |  0
|  57|0x00000000a4700000, 0x00000000a4700000, 0x00000000a4800000|  0%| F|  |TAMS 0x00000000a4700000| PB 0x00000000a4700000| Untracked |  0
|  58|0x00000000a4800000, 0x00000000a4800000, 0x00000000a4900000|  0%| F|  |TAMS 0x00000000a4800000| PB 0x00000000a4800000| Untracked |  0
|  59|0x00000000a4900000, 0x00000000a4900000, 0x00000000a4a00000|  0%| F|  |TAMS 0x00000000a4900000| PB 0x00000000a4900000| Untracked |  0
|  60|0x00000000a4a00000, 0x00000000a4a00000, 0x00000000a4b00000|  0%| F|  |TAMS 0x00000000a4a00000| PB 0x00000000a4a00000| Untracked |  0
|  61|0x00000000a4b00000, 0x00000000a4b00000, 0x00000000a4c00000|  0%| F|  |TAMS 0x00000000a4b00000| PB 0x00000000a4b00000| Untracked |  0
|  62|0x00000000a4c00000, 0x00000000a4c00000, 0x00000000a4d00000|  0%| F|  |TAMS 0x00000000a4c00000| PB 0x00000000a4c00000| Untracked |  0
|  63|0x00000000a4d00000, 0x00000000a4d00000, 0x00000000a4e00000|  0%| F|  |TAMS 0x00000000a4d00000| PB 0x00000000a4d00000| Untracked |  0
|  64|0x00000000a4e00000, 0x00000000a4f00000, 0x00000000a4f00000|100%| S|CS|TAMS 0x00000000a4e00000| PB 0x00000000a4e00000| Complete |  0
|  65|0x00000000a4f00000, 0x00000000a5000000, 0x00000000a5000000|100%| S|CS|TAMS 0x00000000a4f00000| PB 0x00000000a4f00000| Complete |  0
|  66|0x00000000a5000000, 0x00000000a5100000, 0x00000000a5100000|100%| S|CS|TAMS 0x00000000a5000000| PB 0x00000000a5000000| Complete |  0
|  67|0x00000000a5100000, 0x00000000a5200000, 0x00000000a5200000|100%| S|CS|TAMS 0x00000000a5100000| PB 0x00000000a5100000| Complete |  0
|  68|0x00000000a5200000, 0x00000000a5200000, 0x00000000a5300000|  0%| F|  |TAMS 0x00000000a5200000| PB 0x00000000a5200000| Untracked |  0
|  69|0x00000000a5300000, 0x00000000a5300000, 0x00000000a5400000|  0%| F|  |TAMS 0x00000000a5300000| PB 0x00000000a5300000| Untracked |  0
|  70|0x00000000a5400000, 0x00000000a5400000, 0x00000000a5500000|  0%| F|  |TAMS 0x00000000a5400000| PB 0x00000000a5400000| Untracked |  0
|  71|0x00000000a5500000, 0x00000000a5500000, 0x00000000a5600000|  0%| F|  |TAMS 0x00000000a5500000| PB 0x00000000a5500000| Untracked |  0
|  72|0x00000000a5600000, 0x00000000a5600000, 0x00000000a5700000|  0%| F|  |TAMS 0x00000000a5600000| PB 0x00000000a5600000| Untracked |  0
|  73|0x00000000a5700000, 0x00000000a5700000, 0x00000000a5800000|  0%| F|  |TAMS 0x00000000a5700000| PB 0x00000000a5700000| Untracked |  0
|  74|0x00000000a5800000, 0x00000000a5800000, 0x00000000a5900000|  0%| F|  |TAMS 0x00000000a5800000| PB 0x00000000a5800000| Untracked |  0
|  75|0x00000000a5900000, 0x00000000a5900000, 0x00000000a5a00000|  0%| F|  |TAMS 0x00000000a5900000| PB 0x00000000a5900000| Untracked |  0
|  76|0x00000000a5a00000, 0x00000000a5a00000, 0x00000000a5b00000|  0%| F|  |TAMS 0x00000000a5a00000| PB 0x00000000a5a00000| Untracked |  0
|  77|0x00000000a5b00000, 0x00000000a5b00000, 0x00000000a5c00000|  0%| F|  |TAMS 0x00000000a5b00000| PB 0x00000000a5b00000| Untracked |  0
|  78|0x00000000a5c00000, 0x00000000a5c00000, 0x00000000a5d00000|  0%| F|  |TAMS 0x00000000a5c00000| PB 0x00000000a5c00000| Untracked |  0
|  79|0x00000000a5d00000, 0x00000000a5d00000, 0x00000000a5e00000|  0%| F|  |TAMS 0x00000000a5d00000| PB 0x00000000a5d00000| Untracked |  0
|  80|0x00000000a5e00000, 0x00000000a5e00000, 0x00000000a5f00000|  0%| F|  |TAMS 0x00000000a5e00000| PB 0x00000000a5e00000| Untracked |  0
|  81|0x00000000a5f00000, 0x00000000a5f00000, 0x00000000a6000000|  0%| F|  |TAMS 0x00000000a5f00000| PB 0x00000000a5f00000| Untracked |  0
|  82|0x00000000a6000000, 0x00000000a6000000, 0x00000000a6100000|  0%| F|  |TAMS 0x00000000a6000000| PB 0x00000000a6000000| Untracked |  0
|  83|0x00000000a6100000, 0x00000000a6190b78, 0x00000000a6200000| 56%| E|  |TAMS 0x00000000a6100000| PB 0x00000000a6100000| Complete |  0
|  84|0x00000000a6200000, 0x00000000a6300000, 0x00000000a6300000|100%| E|CS|TAMS 0x00000000a6200000| PB 0x00000000a6200000| Complete |  0
|  85|0x00000000a6300000, 0x00000000a6400000, 0x00000000a6400000|100%| E|CS|TAMS 0x00000000a6300000| PB 0x00000000a6300000| Complete |  0
|  86|0x00000000a6400000, 0x00000000a6500000, 0x00000000a6500000|100%| E|CS|TAMS 0x00000000a6400000| PB 0x00000000a6400000| Complete |  0
|  87|0x00000000a6500000, 0x00000000a6600000, 0x00000000a6600000|100%| E|CS|TAMS 0x00000000a6500000| PB 0x00000000a6500000| Complete |  0
|  88|0x00000000a6600000, 0x00000000a6700000, 0x00000000a6700000|100%| E|CS|TAMS 0x00000000a6600000| PB 0x00000000a6600000| Complete |  0
|  89|0x00000000a6700000, 0x00000000a6800000, 0x00000000a6800000|100%| E|CS|TAMS 0x00000000a6700000| PB 0x00000000a6700000| Complete |  0
|  90|0x00000000a6800000, 0x00000000a6900000, 0x00000000a6900000|100%| E|CS|TAMS 0x00000000a6800000| PB 0x00000000a6800000| Complete |  0
|  91|0x00000000a6900000, 0x00000000a6a00000, 0x00000000a6a00000|100%| E|CS|TAMS 0x00000000a6900000| PB 0x00000000a6900000| Complete |  0
|  92|0x00000000a6a00000, 0x00000000a6b00000, 0x00000000a6b00000|100%| E|CS|TAMS 0x00000000a6a00000| PB 0x00000000a6a00000| Complete |  0
|  93|0x00000000a6b00000, 0x00000000a6c00000, 0x00000000a6c00000|100%| E|CS|TAMS 0x00000000a6b00000| PB 0x00000000a6b00000| Complete |  0
|  94|0x00000000a6c00000, 0x00000000a6d00000, 0x00000000a6d00000|100%| E|CS|TAMS 0x00000000a6c00000| PB 0x00000000a6c00000| Complete |  0
|  95|0x00000000a6d00000, 0x00000000a6e00000, 0x00000000a6e00000|100%| E|CS|TAMS 0x00000000a6d00000| PB 0x00000000a6d00000| Complete |  0
|1520|0x00000000ffe00000, 0x00000000fff00000, 0x00000000fff00000|100%| O|  |TAMS 0x00000000ffe00000| PB 0x00000000ffe00000| Untracked |  0
|1521|0x00000000fff00000, 0x00000000fff1c318, 0x0000000100000000| 11%| O|  |TAMS 0x00000000fff00000| PB 0x00000000fff00000| Untracked |  0

Card table byte_map: [0x000002181f840000,0x000002181fb40000] _byte_map_base: 0x000002181f339000

Marking Bits: (CMBitMap*) 0x0000021807aa6af0
 Bits: [0x000002181fb40000, 0x0000021821308000)

Polling page: 0x0000021807210000

Metaspace:

Usage:
  Non-class:     16.98 MB used.
      Class:      1.75 MB used.
       Both:     18.73 MB used.

Virtual space:
  Non-class space:       64.00 MB reserved,      17.12 MB ( 27%) committed,  1 nodes.
      Class space:        1.00 GB reserved,       1.88 MB ( <1%) committed,  1 nodes.
             Both:        1.06 GB reserved,      19.00 MB (  2%) committed. 

Chunk freelists:
   Non-Class:  14.49 MB
       Class:  14.17 MB
        Both:  28.66 MB

MaxMetaspaceSize: unlimited
CompressedClassSpaceSize: 1.00 GB
Initial GC threshold: 21.00 MB
Current GC threshold: 21.00 MB
CDS: on
 - commit_granule_bytes: 65536.
 - commit_granule_words: 8192.
 - virtual_space_node_default_size: 8388608.
 - enlarge_chunks_in_place: 1.
UseCompressedClassPointers 1, UseCompactObjectHeaders 0
Narrow klass pointer bits 32, Max shift 3
Narrow klass base: 0x0000021824000000, Narrow klass shift: 0
Encoding Range: [0x0000021824000000 - 0x0000021924000000), (4294967296 bytes)
Klass Range:    [0x0000021824000000 - 0x0000021865000000), (1090519040 bytes)
Klass ID Range:  [8 - 1090519033) (1090519025)


Internal statistics:

num_allocs_failed_limit: 0.
num_arena_births: 202.
num_arena_deaths: 0.
num_vsnodes_births: 2.
num_vsnodes_deaths: 0.
num_space_committed: 304.
num_space_uncommitted: 0.
num_chunks_returned_to_freelist: 0.
num_chunks_taken_from_freelist: 401.
num_chunk_merges: 0.
num_chunk_splits: 240.
num_chunks_enlarged: 136.
num_inconsistent_stats: 0.

CodeHeap 'non-profiled nmethods': size=120064Kb used=751Kb max_used=751Kb free=119312Kb
 bounds [0x0000021818000000, 0x0000021818270000, 0x000002181f540000]
CodeHeap 'profiled nmethods': size=120000Kb used=4280Kb max_used=4280Kb free=115719Kb
 bounds [0x0000021810540000, 0x0000021810970000, 0x0000021817a70000]
CodeHeap 'non-nmethods': size=5696Kb used=1668Kb max_used=1682Kb free=4027Kb
 bounds [0x0000021817a70000, 0x0000021817ce0000, 0x0000021818000000]
CodeCache: size=245760Kb, used=6699Kb, max_used=6713Kb, free=239058Kb
 total_blobs=3455, nmethods=2625, adapters=734, full_count=0
Compilation: enabled, stopped_count=0, restarted_count=0

Compilation events (20 events):
Event: 17.797 Thread 0x00000218237e7f90 2557       3       sun.awt.image.SunVolatileImage::getHeight (5 bytes)
Event: 17.797 Thread 0x00000218237e7f90 nmethod 2557 0x0000021810956d88 code [0x0000021810956ea0, 0x0000021810956fd0]
Event: 17.808 Thread 0x00000218237e7f90 2558       3       java.util.LinkedList::node (65 bytes)
Event: 17.809 Thread 0x00000218237e7f90 nmethod 2558 0x0000021810957088 code [0x00000218109571c0, 0x0000021810957470]
Event: 17.809 Thread 0x00000218237e7f90 2559       3       java.lang.Float::isNaN (12 bytes)
Event: 17.809 Thread 0x00000218237e7f90 nmethod 2559 0x0000021810957488 code [0x00000218109575a0, 0x00000218109576f8]
Event: 17.823 Thread 0x00000218237e7f90 2560       3       java.awt.color.ColorSpace::getInstance (77 bytes)
Event: 17.824 Thread 0x00000218237e7f90 nmethod 2560 0x0000021810957788 code [0x00000218109578e0, 0x0000021810957c68]
Event: 17.824 Thread 0x00000218237e7f90 2561       3       java.awt.image.PackedColorModel::DecomposeMask (118 bytes)
Event: 17.825 Thread 0x00000218237e7f90 nmethod 2561 0x0000021810957c88 code [0x0000021810957e40, 0x00000218109583b8]
Event: 17.828 Thread 0x00000218237e7f90 2562       3       sun.java2d.SunGraphics2D::setPaint (164 bytes)
Event: 17.829 Thread 0x00000218237e7f90 nmethod 2562 0x0000021810958408 code [0x00000218109585c0, 0x00000218109590a0]
Event: 17.849 Thread 0x00000218237e7f90 2563       3       sun.java2d.SunGraphics2D::create (8 bytes)
Event: 17.849 Thread 0x00000218237e7f90 nmethod 2563 0x0000021810959108 code [0x0000021810959220, 0x00000218109594a8]
Event: 17.849 Thread 0x00000218237e7f90 2564   !   3       sun.java2d.SunGraphics2D::clone (114 bytes)
Event: 17.850 Thread 0x00000218237e7f90 nmethod 2564 0x0000021810959508 code [0x00000218109596c0, 0x000002181095a1a0]
Event: 17.850 Thread 0x00000218237e7f90 2565       3       java.awt.Rectangle::<init> (9 bytes)
Event: 17.851 Thread 0x00000218237e7f90 nmethod 2565 0x000002181095a208 code [0x000002181095a340, 0x000002181095a5e0]
Event: 18.374 Thread 0x00000218237e7f90 2566       3       java.lang.ref.ReferenceQueue::poll0 (65 bytes)
Event: 18.374 Thread 0x00000218237e7f90 nmethod 2566 0x000002181095a688 code [0x000002181095a7c0, 0x000002181095ac80]

GC Heap History (2 events):
Event: 14.801 GC heap before
{Heap before GC invocations=0 (full 0):
 garbage-first heap   total reserved 1558528K, committed 100352K, used 29808K [0x00000000a0e00000, 0x0000000100000000)
  region size 1024K, 28 young (28672K), 0 survivors (0K)
 Metaspace       used 17149K, committed 17472K, reserved 1114112K
  class space    used 1601K, committed 1728K, reserved 1048576K
}
Event: 14.816 GC heap after
{Heap after GC invocations=1 (full 0):
 garbage-first heap   total reserved 1558528K, committed 100352K, used 5328K [0x00000000a0e00000, 0x0000000100000000)
  region size 1024K, 4 young (4096K), 4 survivors (4096K)
 Metaspace       used 17149K, committed 17472K, reserved 1114112K
  class space    used 1601K, committed 1728K, reserved 1048576K
}

Dll operation events (12 events):
Event: 0.024 Loaded shared library C:\Program Files\Apache NetBeans\jdk\bin\java.dll
Event: 0.105 Loaded shared library C:\Program Files\Apache NetBeans\jdk\bin\jsvml.dll
Event: 0.259 Loaded shared library C:\Program Files\Apache NetBeans\jdk\bin\net.dll
Event: 0.268 Loaded shared library C:\Program Files\Apache NetBeans\jdk\bin\nio.dll
Event: 0.367 Loaded shared library C:\Program Files\Apache NetBeans\jdk\bin\zip.dll
Event: 0.406 Loaded shared library C:\Program Files\Apache NetBeans\jdk\bin\jimage.dll
Event: 0.440 Loaded shared library C:\Program Files\Apache NetBeans\jdk\bin\awt.dll
Event: 1.469 Loaded shared library C:\Program Files\Apache NetBeans\jdk\bin\freetype.dll
Event: 1.473 Loaded shared library C:\Program Files\Apache NetBeans\jdk\bin\fontmanager.dll
Event: 13.776 Loaded shared library C:\Program Files\Apache NetBeans\jdk\bin\extnet.dll
Event: 14.294 Loaded shared library C:\Program Files\Apache NetBeans\jdk\bin\sunmscapi.dll
Event: 14.976 Loaded shared library C:\Program Files\Apache NetBeans\jdk\bin\javajpeg.dll

Deoptimization events (20 events):
Event: 17.733 Thread 0x000002186f266fa0 DEOPT PACKING pc=0x000002181094e804 sp=0x0000006cbc6ff2a0
Event: 17.733 Thread 0x000002186f266fa0 DEOPT UNPACKING pc=0x0000021817ac5722 sp=0x0000006cbc6fe710 mode 0
Event: 17.733 Thread 0x000002186f266fa0 DEOPT PACKING pc=0x000002181094e804 sp=0x0000006cbc6ff2a0
Event: 17.733 Thread 0x000002186f266fa0 DEOPT UNPACKING pc=0x0000021817ac5722 sp=0x0000006cbc6fe710 mode 0
Event: 17.733 Thread 0x000002186f266fa0 DEOPT PACKING pc=0x000002181094e804 sp=0x0000006cbc6ff2a0
Event: 17.733 Thread 0x000002186f266fa0 DEOPT UNPACKING pc=0x0000021817ac5722 sp=0x0000006cbc6fe710 mode 0
Event: 17.734 Thread 0x000002186f266fa0 DEOPT PACKING pc=0x000002181094e804 sp=0x0000006cbc6ff2a0
Event: 17.734 Thread 0x000002186f266fa0 DEOPT UNPACKING pc=0x0000021817ac5722 sp=0x0000006cbc6fe710 mode 0
Event: 17.734 Thread 0x000002186f266fa0 DEOPT PACKING pc=0x000002181094e804 sp=0x0000006cbc6ff2a0
Event: 17.734 Thread 0x000002186f266fa0 DEOPT UNPACKING pc=0x0000021817ac5722 sp=0x0000006cbc6fe710 mode 0
Event: 17.734 Thread 0x000002186f266fa0 DEOPT PACKING pc=0x000002181094e804 sp=0x0000006cbc6ff2a0
Event: 17.734 Thread 0x000002186f266fa0 DEOPT UNPACKING pc=0x0000021817ac5722 sp=0x0000006cbc6fe710 mode 0
Event: 17.734 Thread 0x000002186f266fa0 DEOPT PACKING pc=0x000002181094e804 sp=0x0000006cbc6ff2a0
Event: 17.734 Thread 0x000002186f266fa0 DEOPT UNPACKING pc=0x0000021817ac5722 sp=0x0000006cbc6fe710 mode 0
Event: 17.735 Thread 0x000002186f266fa0 DEOPT PACKING pc=0x000002181094e804 sp=0x0000006cbc6ff2a0
Event: 17.735 Thread 0x000002186f266fa0 DEOPT UNPACKING pc=0x0000021817ac5722 sp=0x0000006cbc6fe710 mode 0
Event: 17.754 Thread 0x0000021869692550 Uncommon trap: trap_request=0xffffffc6 fr.pc=0x00000218180888f8 relative=0x00000000000004d8
Event: 17.754 Thread 0x0000021869692550 Uncommon trap: reason=bimorphic_or_optimized_type_check action=maybe_recompile pc=0x00000218180888f8 method=java.lang.invoke.VarHandleGuards.guard_LI_I(Ljava/lang/invoke/VarHandle;Ljava/lang/Object;ILjava/lang/invoke/VarHandle$AccessDescriptor;)I @ 2 c2
Event: 17.754 Thread 0x0000021869692550 DEOPT PACKING pc=0x00000218180888f8 sp=0x0000006cbbafe4b0
Event: 17.754 Thread 0x0000021869692550 DEOPT UNPACKING pc=0x0000021817b84c02 sp=0x0000006cbbafe478 mode 2

Classes loaded (20 events):
Event: 17.684 Loading class javax/swing/plaf/basic/BasicRadioButtonUI done
Event: 17.684 Loading class javax/swing/plaf/metal/MetalRadioButtonUI done
Event: 17.685 Loading class javax/swing/plaf/basic/BasicBorders
Event: 17.686 Loading class javax/swing/plaf/basic/BasicBorders done
Event: 17.686 Loading class javax/swing/plaf/basic/BasicBorders$RadioButtonBorder
Event: 17.686 Loading class javax/swing/plaf/basic/BasicBorders$ButtonBorder
Event: 17.686 Loading class javax/swing/plaf/basic/BasicBorders$ButtonBorder done
Event: 17.686 Loading class javax/swing/plaf/basic/BasicBorders$RadioButtonBorder done
Event: 17.687 Loading class javax/swing/plaf/metal/MetalIconFactory$RadioButtonIcon
Event: 17.688 Loading class javax/swing/plaf/metal/MetalIconFactory$RadioButtonIcon done
Event: 17.689 Loading class javax/swing/plaf/basic/BasicButtonUI$KeyHandler
Event: 17.689 Loading class javax/swing/plaf/basic/BasicButtonUI$KeyHandler done
Event: 17.689 Loading class javax/swing/plaf/basic/BasicButtonUI$SelectPreviousBtn
Event: 17.690 Loading class javax/swing/plaf/basic/BasicButtonUI$SelectPreviousBtn done
Event: 17.690 Loading class javax/swing/plaf/basic/BasicButtonUI$SelectNextBtn
Event: 17.690 Loading class javax/swing/plaf/basic/BasicButtonUI$SelectNextBtn done
Event: 17.696 Loading class sun/awt/image/PNGImageDecoder
Event: 17.698 Loading class sun/awt/image/PNGImageDecoder done
Event: 17.700 Loading class sun/awt/image/PNGFilterInputStream
Event: 17.700 Loading class sun/awt/image/PNGFilterInputStream done

Classes unloaded (0 events):
No events

Classes redefined (0 events):
No events

Internal exceptions (20 events):
Event: 1.438 Thread 0x000002180581f9d0 Exception <a 'java/lang/NoSuchMethodError'{0x00000000a646c5f0}: 'java.lang.Object java.lang.invoke.DirectMethodHandle$Holder.invokeStatic(java.lang.Object, java.lang.Object, java.lang.Object, java.lang.Object, java.lang.Object, long)'> (0x00000000a646c5f0) 
thrown [s\src\hotspot\share\interpreter\linkResolver.cpp, line 805]
Event: 1.448 Thread 0x000002180581f9d0 Exception <a 'java/lang/NoSuchMethodError'{0x00000000a6491068}: 'void java.lang.invoke.DelegatingMethodHandle$Holder.reinvoke_L(java.lang.Object, java.lang.Object, java.lang.Object, java.lang.Object, long, long, long)'> (0x00000000a6491068) 
thrown [s\src\hotspot\share\interpreter\linkResolver.cpp, line 805]
Event: 1.453 Thread 0x000002180581f9d0 Exception <a 'java/lang/NoSuchMethodError'{0x00000000a64aa6f8}: 'void java.lang.invoke.DirectMethodHandle$Holder.invokeStaticInit(java.lang.Object)'> (0x00000000a64aa6f8) 
thrown [s\src\hotspot\share\interpreter\linkResolver.cpp, line 805]
Event: 1.692 Thread 0x0000021869692550 Exception <a 'java/lang/NoSuchMethodError'{0x00000000a65a5490}: 'void java.lang.invoke.DelegatingMethodHandle$Holder.reinvoke_L(java.lang.Object, java.lang.Object, java.lang.Object, java.lang.Object, long, long, float)'> (0x00000000a65a5490) 
thrown [s\src\hotspot\share\interpreter\linkResolver.cpp, line 805]
Event: 1.725 Thread 0x0000021869692550 Exception <a 'java/lang/NoSuchMethodError'{0x00000000a65e71c0}: 'void java.lang.invoke.DelegatingMethodHandle$Holder.reinvoke_L(java.lang.Object, java.lang.Object, java.lang.Object, java.lang.Object, long, long, double)'> (0x00000000a65e71c0) 
thrown [s\src\hotspot\share\interpreter\linkResolver.cpp, line 805]
Event: 1.775 Thread 0x0000021869692550 Exception <a 'java/lang/NoSuchMethodError'{0x00000000a624a630}: 'float java.lang.invoke.DelegatingMethodHandle$Holder.reinvoke_L(java.lang.Object, java.lang.Object, java.lang.Object, java.lang.Object, long, long)'> (0x00000000a624a630) 
thrown [s\src\hotspot\share\interpreter\linkResolver.cpp, line 805]
Event: 13.368 Thread 0x0000021869692550 Exception <a 'java/lang/NoSuchMethodError'{0x00000000a60791b0}: 'void java.lang.invoke.DirectMethodHandle$Holder.invokeStatic(java.lang.Object, java.lang.Object)'> (0x00000000a60791b0) 
thrown [s\src\hotspot\share\interpreter\linkResolver.cpp, line 805]
Event: 13.435 Thread 0x0000021869692550 Exception <a 'java/lang/NoSuchMethodError'{0x00000000a5fb00b0}: 'java.lang.Object java.lang.invoke.DirectMethodHandle$Holder.invokeInterface(java.lang.Object, java.lang.Object)'> (0x00000000a5fb00b0) 
thrown [s\src\hotspot\share\interpreter\linkResolver.cpp, line 805]
Event: 13.518 Thread 0x0000021869692550 Exception <a 'java/lang/NoSuchMethodError'{0x00000000a5c58cf8}: 'void java.lang.invoke.DirectMethodHandle$Holder.invokeStatic(java.lang.Object, java.lang.Object, java.lang.Object)'> (0x00000000a5c58cf8) 
thrown [s\src\hotspot\share\interpreter\linkResolver.cpp, line 805]
Event: 13.523 Thread 0x0000021869692550 Exception <a 'java/lang/NoSuchMethodError'{0x00000000a5c706c8}: 'java.lang.Object java.lang.invoke.DirectMethodHandle$Holder.invokeVirtual(java.lang.Object, java.lang.Object, java.lang.Object)'> (0x00000000a5c706c8) 
thrown [s\src\hotspot\share\interpreter\linkResolver.cpp, line 805]
Event: 13.950 Thread 0x0000021869692550 Exception <a 'java/lang/NoSuchMethodError'{0x00000000a577eaa0}: 'void java.lang.invoke.DirectMethodHandle$Holder.invokeStaticInit(java.lang.Object, java.lang.Object)'> (0x00000000a577eaa0) 
thrown [s\src\hotspot\share\interpreter\linkResolver.cpp, line 805]
Event: 14.083 Thread 0x0000021869692550 Exception <a 'sun/nio/fs/WindowsException'{0x00000000a56d21e8}> (0x00000000a56d21e8) 
thrown [s\src\hotspot\share\prims\jni.cpp, line 518]
Event: 14.167 Thread 0x0000021869692550 Exception <a 'java/lang/NoSuchMethodError'{0x00000000a557bb30}: 'java.lang.Object java.lang.invoke.DirectMethodHandle$Holder.invokeStaticInit(java.lang.Object, int, int, int, int)'> (0x00000000a557bb30) 
thrown [s\src\hotspot\share\interpreter\linkResolver.cpp, line 805]
Event: 14.234 Thread 0x0000021869692550 Exception <a 'java/lang/NoSuchMethodError'{0x00000000a544cb68}: 'java.lang.Object java.lang.invoke.DirectMethodHandle$Holder.invokeStaticInit(java.lang.Object, java.lang.Object, int, int, int, int)'> (0x00000000a544cb68) 
thrown [s\src\hotspot\share\interpreter\linkResolver.cpp, line 805]
Event: 14.682 Thread 0x0000021869692550 Exception <a 'java/lang/NoSuchMethodError'{0x00000000a521ee28}: 'java.lang.Object java.lang.invoke.Invokers$Holder.invoke_MT(java.lang.Object, java.lang.Object, java.lang.Object, java.lang.Object, java.lang.Object, java.lang.Object)'> (0x00000000a521ee28) 
thrown [s\src\hotspot\share\interpreter\linkResolver.cpp, line 805]
Event: 14.685 Thread 0x0000021869692550 Exception <a 'java/lang/NoSuchMethodError'{0x00000000a5227da8}: 'java.lang.Object java.lang.invoke.DirectMethodHandle$Holder.invokeStatic(java.lang.Object, java.lang.Object, int)'> (0x00000000a5227da8) 
thrown [s\src\hotspot\share\interpreter\linkResolver.cpp, line 805]
Event: 14.696 Thread 0x0000021869692550 Exception <a 'java/lang/NoSuchMethodError'{0x00000000a52496b8}: 'void java.lang.invoke.DelegatingMethodHandle$Holder.delegate(java.lang.Object, java.lang.Object, int, java.lang.Object)'> (0x00000000a52496b8) 
thrown [s\src\hotspot\share\interpreter\linkResolver.cpp, line 805]
Event: 14.698 Thread 0x0000021869692550 Exception <a 'java/lang/NoSuchMethodError'{0x00000000a5252208}: 'int java.lang.invoke.DirectMethodHandle$Holder.invokeSpecial(java.lang.Object, java.lang.Object, java.lang.Object)'> (0x00000000a5252208) 
thrown [s\src\hotspot\share\interpreter\linkResolver.cpp, line 805]
Event: 14.955 Thread 0x000002186f266fa0 Implicit null exception at 0x000002181807bc94 to 0x000002181807c248
Event: 14.955 Thread 0x000002186f266fa0 Implicit null exception at 0x000002181807b010 to 0x000002181807b5b8

VM Operations (20 events):
Event: 7.674 Executing VM operation: HandshakeAllThreads (Deoptimize)
Event: 7.674 Executing VM operation: HandshakeAllThreads (Deoptimize) done
Event: 13.391 Executing VM operation: HandshakeAllThreads (Deoptimize)
Event: 13.391 Executing VM operation: HandshakeAllThreads (Deoptimize) done
Event: 13.758 Executing VM operation: HandshakeAllThreads (Deoptimize)
Event: 13.758 Executing VM operation: HandshakeAllThreads (Deoptimize) done
Event: 14.096 Executing VM operation: HandshakeAllThreads (Deoptimize)
Event: 14.096 Executing VM operation: HandshakeAllThreads (Deoptimize) done
Event: 14.628 Executing VM operation: HandshakeAllThreads (Deoptimize)
Event: 14.628 Executing VM operation: HandshakeAllThreads (Deoptimize) done
Event: 14.691 Executing VM operation: HandshakeAllThreads (Deoptimize)
Event: 14.691 Executing VM operation: HandshakeAllThreads (Deoptimize) done
Event: 14.801 Executing VM operation: G1CollectForAllocation (G1 Evacuation Pause)
Event: 14.816 Executing VM operation: G1CollectForAllocation (G1 Evacuation Pause) done
Event: 14.937 Executing VM operation: HandshakeAllThreads (Deoptimize)
Event: 14.937 Executing VM operation: HandshakeAllThreads (Deoptimize) done
Event: 14.966 Executing VM operation: HandshakeAllThreads (Deoptimize)
Event: 14.966 Executing VM operation: HandshakeAllThreads (Deoptimize) done
Event: 16.884 Executing VM operation: HandshakeAllThreads (Deoptimize)
Event: 16.885 Executing VM operation: HandshakeAllThreads (Deoptimize) done

Memory protections (0 events):
No events

Nmethod flushes (0 events):
No events

Events (20 events):
Event: 0.099 Thread 0x000002180581f9d0 Thread added: 0x00000218237d4600
Event: 0.099 Thread 0x000002180581f9d0 Thread added: 0x00000218237e11d0
Event: 0.099 Thread 0x000002180581f9d0 Thread added: 0x00000218237d7a80
Event: 0.101 Thread 0x000002180581f9d0 Thread added: 0x00000218237e7f90
Event: 0.253 Thread 0x000002180581f9d0 Thread added: 0x00000218238a3c00
Event: 0.323 Thread 0x000002180581f9d0 Thread added: 0x0000021823a01dc0
Event: 0.674 Thread 0x000002180581f9d0 Thread added: 0x00000218693edb90
Event: 0.677 Thread 0x000002180581f9d0 Thread added: 0x00000218693ee2d0
Event: 0.686 Thread 0x000002180581f9d0 Thread added: 0x00000218692c13a0
Event: 1.352 Thread 0x00000218692c13a0 Thread added: 0x0000021869692550
Event: 1.677 Thread 0x000002180581f9d0 Thread exited: 0x000002180581f9d0
Event: 1.678 Thread 0x000002180581f9d0 Thread added: 0x000002180581f9d0
Event: 1.698 Thread 0x0000021869692550 Thread added: 0x00000218696445a0
Event: 1.918 Thread 0x0000021869692550 Thread added: 0x000002186e89ee60
Event: 13.370 Thread 0x0000021869692550 Thread added: 0x00000218692da500
Event: 13.458 Thread 0x00000218237e7f90 Thread added: 0x00000218238f1380
Event: 13.797 Thread 0x00000218238f1380 Thread exited: 0x00000218238f1380
Event: 14.029 Thread 0x00000218237d7a80 Thread added: 0x0000021823a5a5e0
Event: 14.950 Thread 0x0000021869692550 Thread added: 0x000002186f266fa0
Event: 15.986 Thread 0x0000021823a5a5e0 Thread exited: 0x0000021823a5a5e0


Dynamic libraries:
0x00007ff6ab6b0000 - 0x00007ff6ab6be000 	C:\Program Files\Apache NetBeans\jdk\bin\java.exe
0x00007ffbf4180000 - 0x00007ffbf43e9000 	C:\WINDOWS\SYSTEM32\ntdll.dll
0x00007ffbf2d40000 - 0x00007ffbf2e09000 	C:\WINDOWS\System32\KERNEL32.DLL
0x00007ffbf1310000 - 0x00007ffbf1703000 	C:\WINDOWS\System32\KERNELBASE.dll
0x00007ffbf1af0000 - 0x00007ffbf1c3b000 	C:\WINDOWS\System32\ucrtbase.dll
0x00007ffbcf790000 - 0x00007ffbcf7a6000 	C:\Program Files\Apache NetBeans\jdk\bin\jli.dll
0x00007ffbd48b0000 - 0x00007ffbd48ce000 	C:\Program Files\Apache NetBeans\jdk\bin\VCRUNTIME140.dll
0x00007ffbf2590000 - 0x00007ffbf2754000 	C:\WINDOWS\System32\USER32.dll
0x00007ffbf1d00000 - 0x00007ffbf1d27000 	C:\WINDOWS\System32\win32u.dll
0x00007ffbf3eb0000 - 0x00007ffbf3edb000 	C:\WINDOWS\System32\GDI32.dll
0x00007ffbf19c0000 - 0x00007ffbf1aed000 	C:\WINDOWS\System32\gdi32full.dll
0x00007ffbf1910000 - 0x00007ffbf19b3000 	C:\WINDOWS\System32\msvcp_win.dll
0x00007ffbd71e0000 - 0x00007ffbd7473000 	C:\WINDOWS\WinSxS\amd64_microsoft.windows.common-controls_6595b64144ccf1df_6.0.26100.5074_none_3e0d6f78e32fd63f\COMCTL32.dll
0x00007ffbf2e10000 - 0x00007ffbf2eb9000 	C:\WINDOWS\System32\msvcrt.dll
0x00007ffbf2150000 - 0x00007ffbf217f000 	C:\WINDOWS\System32\IMM32.DLL
0x000000006afa0000 - 0x000000006afac000 	C:\Program Files (x86)\360\Total Security\safemon\SafeWrapper.dll
0x00007ffbf24d0000 - 0x00007ffbf2584000 	C:\WINDOWS\System32\ADVAPI32.dll
0x00007ffbf2ee0000 - 0x00007ffbf2f86000 	C:\WINDOWS\System32\sechost.dll
0x00007ffbf3f70000 - 0x00007ffbf4088000 	C:\WINDOWS\System32\RPCRT4.dll
0x00007ffba31b0000 - 0x00007ffba325c000 	C:\Program Files (x86)\360\Total Security\safemon\libzdtp64.dll
0x00007ffbf2fb0000 - 0x00007ffbf36fd000 	C:\WINDOWS\System32\SHELL32.dll
0x00007ffbf1710000 - 0x00007ffbf187c000 	C:\WINDOWS\System32\wintypes.dll
0x00007ffbf2760000 - 0x00007ffbf2adb000 	C:\WINDOWS\System32\combase.dll
0x00007ffbf2cd0000 - 0x00007ffbf2d32000 	C:\WINDOWS\System32\SHLWAPI.dll
0x00007ffbf0e10000 - 0x00007ffbf0e1b000 	C:\WINDOWS\SYSTEM32\VERSION.dll
0x00007ffbe4360000 - 0x00007ffbe436c000 	C:\Program Files\Apache NetBeans\jdk\bin\vcruntime140_1.dll
0x00007ffbb88b0000 - 0x00007ffbb893d000 	C:\Program Files\Apache NetBeans\jdk\bin\msvcp140.dll
0x00007ffb9d670000 - 0x00007ffb9e4ec000 	C:\Program Files\Apache NetBeans\jdk\bin\server\jvm.dll
0x00007ffbf2450000 - 0x00007ffbf24c4000 	C:\WINDOWS\System32\WS2_32.dll
0x00007ffbf1170000 - 0x00007ffbf11ce000 	C:\WINDOWS\SYSTEM32\POWRPROF.dll
0x00007ffbeb8e0000 - 0x00007ffbeb915000 	C:\WINDOWS\SYSTEM32\WINMM.dll
0x00007ffbf1150000 - 0x00007ffbf1164000 	C:\WINDOWS\SYSTEM32\UMPDC.dll
0x00007ffbf0080000 - 0x00007ffbf009b000 	C:\WINDOWS\SYSTEM32\kernel.appcore.dll
0x00007ffbe42e0000 - 0x00007ffbe42ea000 	C:\Program Files\Apache NetBeans\jdk\bin\jimage.dll
0x00007ffbe6f60000 - 0x00007ffbe71a2000 	C:\WINDOWS\SYSTEM32\DBGHELP.DLL
0x00007ffbf2370000 - 0x00007ffbf2447000 	C:\WINDOWS\System32\OLEAUT32.dll
0x00007ffbd61f0000 - 0x00007ffbd622d000 	C:\WINDOWS\SYSTEM32\dbgcore.DLL
0x00007ffbf1eb0000 - 0x00007ffbf1f49000 	C:\WINDOWS\System32\bcryptPrimitives.dll
0x00007ffbd1b70000 - 0x00007ffbd1b8e000 	C:\Program Files\Apache NetBeans\jdk\bin\java.dll
0x00007ffbf3cf0000 - 0x00007ffbf3e88000 	C:\WINDOWS\System32\ole32.dll
0x00007ffbeeef0000 - 0x00007ffbef749000 	C:\WINDOWS\SYSTEM32\windows.storage.dll
0x00007ffbf2050000 - 0x00007ffbf2140000 	C:\WINDOWS\System32\SHCORE.dll
0x00007ffbf1230000 - 0x00007ffbf1259000 	C:\WINDOWS\SYSTEM32\profapi.dll
0x00007ffbb31d0000 - 0x00007ffbb32a7000 	C:\Program Files\Apache NetBeans\jdk\bin\jsvml.dll
0x00007ffbdfea0000 - 0x00007ffbdfeb0000 	C:\Program Files\Apache NetBeans\jdk\bin\net.dll
0x00007ffbf0600000 - 0x00007ffbf066b000 	C:\WINDOWS\system32\mswsock.dll
0x00007ffbce380000 - 0x00007ffbce396000 	C:\Program Files\Apache NetBeans\jdk\bin\nio.dll
0x00007ffbcf6d0000 - 0x00007ffbcf6e7000 	C:\Program Files\Apache NetBeans\jdk\bin\zip.dll
0x00007ffba8630000 - 0x00007ffba87ae000 	C:\Program Files\Apache NetBeans\jdk\bin\awt.dll
0x00007ffbee490000 - 0x00007ffbee52e000 	C:\WINDOWS\SYSTEM32\apphelp.dll
0x00007ffbee870000 - 0x00007ffbee89b000 	C:\WINDOWS\system32\DWMAPI.DLL
0x00007ffbee5c0000 - 0x00007ffbee668000 	C:\WINDOWS\system32\uxtheme.dll
0x00007ffbb2e50000 - 0x00007ffbb2f5c000 	C:\WINDOWS\system32\opengl32.dll
0x00007ffbcd4e0000 - 0x00007ffbcd50d000 	C:\WINDOWS\SYSTEM32\GLU32.dll
0x00007ffbee800000 - 0x00007ffbee844000 	C:\WINDOWS\SYSTEM32\dxcore.dll
0x00007ffbf3700000 - 0x00007ffbf3858000 	C:\WINDOWS\System32\MSCTF.dll
0x00007ffbaaa10000 - 0x00007ffbaabc1000 	C:\WINDOWS\system32\d3d9.dll
0x00007ffbeb920000 - 0x00007ffbebad8000 	C:\WINDOWS\System32\DriverStore\FileRepository\u0376648.inf_amd64_10263edfe9a1aa63\B374868\aticfx64.dll
0x00007ffbc3b10000 - 0x00007ffbc3b44000 	C:\WINDOWS\System32\DriverStore\FileRepository\u0376648.inf_amd64_10263edfe9a1aa63\B374868\atiu9p64.dll
0x00007ffb80ec0000 - 0x00007ffb81c14000 	C:\WINDOWS\System32\DriverStore\FileRepository\u0376648.inf_amd64_10263edfe9a1aa63\B374868\atiumd64.dll
0x0000000069a60000 - 0x000000006a8d3000 	C:\WINDOWS\System32\DriverStore\FileRepository\u0376648.inf_amd64_10263edfe9a1aa63\B374868\atiumd6a.dll
0x00007ffbf3860000 - 0x00007ffbf3ce7000 	C:\WINDOWS\System32\SETUPAPI.dll
0x00007ffbe9680000 - 0x00007ffbe96b0000 	C:\WINDOWS\SYSTEM32\amdihk64.dll
0x00007ffbec2e0000 - 0x00007ffbec340000 	C:\WINDOWS\SYSTEM32\directxdatabasehelper.dll
0x00007ffbb3f50000 - 0x00007ffbb3fd7000 	C:\Program Files\Apache NetBeans\jdk\bin\freetype.dll
0x00007ffbb1dd0000 - 0x00007ffbb1eb9000 	C:\Program Files\Apache NetBeans\jdk\bin\fontmanager.dll
0x00007ffbf2ae0000 - 0x00007ffbf2b91000 	C:\WINDOWS\System32\clbcatq.dll
0x00007ffbecb60000 - 0x00007ffbecd8f000 	C:\WINDOWS\SYSTEM32\WindowsCodecs.dll
0x00007ffbd4760000 - 0x00007ffbd47ba000 	C:\WINDOWS\system32\dataexchange.dll
0x00007ffbe8dc0000 - 0x00007ffbe8ff9000 	C:\WINDOWS\system32\twinapi.appcore.dll
0x00007ffbdb780000 - 0x00007ffbdb8c9000 	C:\WINDOWS\SYSTEM32\textinputframework.dll
0x00007ffbcf890000 - 0x00007ffbcfca9000 	C:\Windows\System32\uiautomationcore.dll
0x00007ffbcab10000 - 0x00007ffbcab88000 	C:\Windows\System32\OLEACC.dll
0x00007ffbee080000 - 0x00007ffbee1a5000 	C:\WINDOWS\SYSTEM32\CoreMessaging.dll
0x00007ffbebd70000 - 0x00007ffbec053000 	C:\WINDOWS\SYSTEM32\CoreUIComponents.dll
0x00007ffbf08c0000 - 0x00007ffbf08cc000 	C:\WINDOWS\SYSTEM32\CRYPTBASE.DLL
0x00007ffbefb50000 - 0x00007ffbefc76000 	C:\WINDOWS\SYSTEM32\DNSAPI.dll
0x00007ffbefab0000 - 0x00007ffbefae4000 	C:\WINDOWS\SYSTEM32\IPHLPAPI.DLL
0x00007ffbf2f90000 - 0x00007ffbf2f9a000 	C:\WINDOWS\System32\NSI.dll
0x00007ffbd8dd0000 - 0x00007ffbd8ddb000 	C:\Windows\System32\rasadhlp.dll
0x00007ffbe6080000 - 0x00007ffbe6106000 	C:\WINDOWS\System32\fwpuclnt.dll
0x00007ffbdf210000 - 0x00007ffbdf219000 	C:\Program Files\Apache NetBeans\jdk\bin\extnet.dll
0x00007ffbf08a0000 - 0x00007ffbf08bb000 	C:\WINDOWS\SYSTEM32\CRYPTSP.dll
0x00007ffbeffe0000 - 0x00007ffbf001b000 	C:\WINDOWS\system32\rsaenh.dll
0x00007ffbf06a0000 - 0x00007ffbf06cb000 	C:\WINDOWS\SYSTEM32\USERENV.dll
0x00007ffbf1200000 - 0x00007ffbf1226000 	C:\WINDOWS\SYSTEM32\bcrypt.dll
0x00007ffbd9c60000 - 0x00007ffbd9c6e000 	C:\Program Files\Apache NetBeans\jdk\bin\sunmscapi.dll
0x00007ffbf1d30000 - 0x00007ffbf1ea7000 	C:\WINDOWS\System32\CRYPT32.dll
0x00007ffbf0ac0000 - 0x00007ffbf0af0000 	C:\WINDOWS\SYSTEM32\ncrypt.dll
0x00007ffbf0a70000 - 0x00007ffbf0aaf000 	C:\WINDOWS\SYSTEM32\NTASN1.dll
0x00007ffbb4500000 - 0x00007ffbb452e000 	C:\Program Files\Apache NetBeans\jdk\bin\javajpeg.dll

JVMTI agents: none

dbghelp: loaded successfully - version: 4.0.5 - missing functions: none
symbol engine: initialized successfully - sym options: 0x614 - pdb path: .;C:\Program Files\Apache NetBeans\jdk\bin;C:\WINDOWS\SYSTEM32;C:\WINDOWS\WinSxS\amd64_microsoft.windows.common-controls_6595b64144ccf1df_6.0.26100.5074_none_3e0d6f78e32fd63f;C:\Program Files (x86)\360\Total Security\safemon;C:\Program Files\Apache NetBeans\jdk\bin\server;C:\WINDOWS\System32\DriverStore\FileRepository\u0376648.inf_amd64_10263edfe9a1aa63\B374868

VM Arguments:
jvm_args: -Dfile.encoding=UTF-8 --module-path=C:\Users\Sandhya\Documents\NetBeansProjects\AirlineManagementSystem1\build\classes 
java_command: airlinemanagementsystem1.Login
java_class_path (initial): C:\Users\Sandhya\Downloads;C:\Users\Sandhya\Documents;C:\Users\Sandhya\Downloads\mysql-connector-java-8.0.28.jar;C:\Users\Sandhya\Documents\NetBeansProjects\AirlineManagementSystem1\build\classes
Launcher Type: SUN_STANDARD

[Global flags]
     intx CICompilerCount                          = 3                                         {product} {ergonomic}
     uint ConcGCThreads                            = 1                                         {product} {ergonomic}
     uint G1ConcRefinementThreads                  = 4                                         {product} {ergonomic}
   size_t G1HeapRegionSize                         = 1048576                                   {product} {ergonomic}
   size_t InitialHeapSize                          = 100663296                                 {product} {ergonomic}
   size_t MarkStackSize                            = 4194304                                   {product} {ergonomic}
   size_t MarkStackSizeMax                         = 536870912                                 {product} {ergonomic}
   size_t MaxHeapSize                              = 1595932672                                {product} {ergonomic}
   size_t MaxNewSize                               = 957349888                                 {product} {ergonomic}
   size_t MinHeapDeltaBytes                        = 1048576                                   {product} {ergonomic}
   size_t MinHeapSize                              = 8388608                                   {product} {ergonomic}
    uintx NonNMethodCodeHeapSize                   = 5832704                                {pd product} {ergonomic}
    uintx NonProfiledCodeHeapSize                  = 122945536                              {pd product} {ergonomic}
    uintx ProfiledCodeHeapSize                     = 122880000                              {pd product} {ergonomic}
    uintx ReservedCodeCacheSize                    = 251658240                              {pd product} {ergonomic}
     bool SegmentedCodeCache                       = true                                      {product} {ergonomic}
   size_t SoftMaxHeapSize                          = 1595932672                             {manageable} {ergonomic}
     bool UseCompressedOops                        = true                           {product lp64_product} {ergonomic}
     bool UseG1GC                                  = true                                      {product} {ergonomic}
     bool UseLargePagesIndividualAllocation        = false                                  {pd product} {ergonomic}

Logging:
Log output configuration:
 #0: stdout all=warning uptime,level,tags foldmultilines=false
 #1: stderr all=off uptime,level,tags foldmultilines=false

Environment Variables:
JAVA_HOME=C:\Program Files\Java\jdk-17.0.1
PATH=C:\Program Files\Common Files\Oracle\Java\javapath;C:\Program Files\Python312\Scripts\;C:\Program Files\Python312\;C:\Program Files\Java\jdk-17.0.1\bin;C:\WINDOWS\system32;C:\WINDOWS;C:\WINDOWS\System32\Wbem;C:\WINDOWS\System32\WindowsPowerShell\v1.0\;C:\WINDOWS\System32\OpenSSH\;C:\MinGW\bin;C:\Program Files\HP\HP One Agent;C:\Program Files\Git\cmd;C:\Program Files\Git\mingw64\bin;C:\Program Files\Git\usr\bin;C:\Program Files\MySQL\MySQL Shell 8.0\bin\;C:\Users\Sandhya\AppData\Local\Microsoft\WindowsApps;C:\Program Files\JetBrains\IntelliJ IDEA Community Edition 2024.1.4\bin;;C:\Users\Sandhya\AppData\Local\Programs\Microsoft VS Code\bin;C:\Program Files\Java\jdk-17.0.1\bin;C:\Program Files\Java\jdk-17.0.1\bin;
USERNAME=Sandhya
OS=Windows_NT
PROCESSOR_IDENTIFIER=AMD64 Family 23 Model 24 Stepping 1, AuthenticAMD
TMP=C:\Users\Sandhya\AppData\Local\Temp
TEMP=C:\Users\Sandhya\AppData\Local\Temp




Periodic native trim disabled

---------------  S Y S T E M  ---------------

OS:
 Windows 11 , 64 bit Build 26100 (10.0.26100.5074)
OS uptime: 22 days 0:55 hours
Hyper-V role detected

CPU: total 4 (initial active 4) (4 cores per cpu, 2 threads per core) family 23 model 24 stepping 1 microcode 0x8108109, cx8, cmov, fxsr, ht, mmx, 3dnowpref, sse, sse2, sse3, ssse3, sse4a, sse4.1, sse4.2, popcnt, lzcnt, tsc, tscinvbit, avx, avx2, aes, clmul, bmi1, bmi2, adx, sha, fma, vzeroupper, clflush, clflushopt, hv, rdtscp, f16c
Processor Information for the first 4 processors :
  Max Mhz: 2600, Current Mhz: 2600, Mhz Limit: 2600

Memory: 4k page, system-wide physical 6086M (453M free)
TotalPageFile size 24518M (AvailPageFile size 8M)
current process WorkingSet (physical memory assigned to process): 172M, peak: 172M
current process commit charge ("private bytes"): 285M, peak: 290M

vm_info: OpenJDK 64-Bit Server VM (24.0.2+12) for windows-amd64 JRE (24.0.2+12) (Zulu24.32+13-CA), built on 2025-07-11T12:45:44Z with MS VC++ 17.1 (VS2022)

END.
